[1.729s] Invoking command in '/home/mecroka/bumperbot_ws/src/arduino_to_node': DEBUGINFOD_URLS=https://debuginfod.ubuntu.com PYTHONPATH=/home/mecroka/bumperbot_ws/build/arduino_to_node/prefix_override:/usr/lib/python3/dist-packages/colcon_core/task/python/colcon_distutils_commands:/home/mecroka/bumperbot_ws/install/arduino_to_node/lib/python3.12/site-packages:${PYTHONPATH} /usr/bin/python3 -W ignore:setup.py install is deprecated setup.py egg_info --egg-base ../../build/arduino_to_node build --build-base /home/mecroka/bumperbot_ws/build/arduino_to_node/build install --record /home/mecroka/bumperbot_ws/build/arduino_to_node/install.log --single-version-externally-managed install_data
[2.219s] running egg_info
[2.253s] writing ../../build/arduino_to_node/arduino_to_node.egg-info/PKG-INFO
[2.253s] writing dependency_links to ../../build/arduino_to_node/arduino_to_node.egg-info/dependency_links.txt
[2.253s] writing entry points to ../../build/arduino_to_node/arduino_to_node.egg-info/entry_points.txt
[2.254s] writing requirements to ../../build/arduino_to_node/arduino_to_node.egg-info/requires.txt
[2.254s] writing top-level names to ../../build/arduino_to_node/arduino_to_node.egg-info/top_level.txt
[2.314s] reading manifest file '../../build/arduino_to_node/arduino_to_node.egg-info/SOURCES.txt'
[2.315s] writing manifest file '../../build/arduino_to_node/arduino_to_node.egg-info/SOURCES.txt'
[2.316s] running build
[2.316s] running build_py
[2.316s] running install
[2.326s] running install_lib
[2.361s] running install_data
[2.365s] running install_egg_info
[2.399s] removing '/home/mecroka/bumperbot_ws/install/arduino_to_node/lib/python3.12/site-packages/arduino_to_node-0.0.0-py3.12.egg-info' (and everything under it)
[2.400s] Copying ../../build/arduino_to_node/arduino_to_node.egg-info to /home/mecroka/bumperbot_ws/install/arduino_to_node/lib/python3.12/site-packages/arduino_to_node-0.0.0-py3.12.egg-info
[2.402s] running install_scripts
[2.627s] Installing serial_reader_node script to /home/mecroka/bumperbot_ws/install/arduino_to_node/lib/arduino_to_node
[2.627s] writing list of installed files to '/home/mecroka/bumperbot_ws/build/arduino_to_node/install.log'
[2.760s] Invoked command in '/home/mecroka/bumperbot_ws/src/arduino_to_node' returned '0': DEBUGINFOD_URLS=https://debuginfod.ubuntu.com PYTHONPATH=/home/mecroka/bumperbot_ws/build/arduino_to_node/prefix_override:/usr/lib/python3/dist-packages/colcon_core/task/python/colcon_distutils_commands:/home/mecroka/bumperbot_ws/install/arduino_to_node/lib/python3.12/site-packages:${PYTHONPATH} /usr/bin/python3 -W ignore:setup.py install is deprecated setup.py egg_info --egg-base ../../build/arduino_to_node build --build-base /home/mecroka/bumperbot_ws/build/arduino_to_node/build install --record /home/mecroka/bumperbot_ws/build/arduino_to_node/install.log --single-version-externally-managed install_data
