[1.802s] Invoking command in '/home/mecroka/bumperbot_ws/src/arduino_to_node': DEBUGINFOD_URLS=https://debuginfod.ubuntu.com PYTHONPATH=/home/mecroka/bumperbot_ws/build/arduino_to_node/prefix_override:/usr/lib/python3/dist-packages/colcon_core/task/python/colcon_distutils_commands:/home/mecroka/bumperbot_ws/install/arduino_to_node/lib/python3.12/site-packages:${PYTHONPATH} /usr/bin/python3 -W ignore:setup.py install is deprecated -W ignore:easy_install command is deprecated setup.py egg_info --egg-base ../../build/arduino_to_node build --build-base /home/mecroka/bumperbot_ws/build/arduino_to_node/build install --record /home/mecroka/bumperbot_ws/build/arduino_to_node/install.log --single-version-externally-managed install_data
[2.201s] running egg_info
[2.229s] writing ../../build/arduino_to_node/arduino_to_node.egg-info/PKG-INFO
[2.229s] writing dependency_links to ../../build/arduino_to_node/arduino_to_node.egg-info/dependency_links.txt
[2.230s] writing entry points to ../../build/arduino_to_node/arduino_to_node.egg-info/entry_points.txt
[2.231s] writing requirements to ../../build/arduino_to_node/arduino_to_node.egg-info/requires.txt
[2.231s] writing top-level names to ../../build/arduino_to_node/arduino_to_node.egg-info/top_level.txt
[2.290s] reading manifest file '../../build/arduino_to_node/arduino_to_node.egg-info/SOURCES.txt'
[2.291s] writing manifest file '../../build/arduino_to_node/arduino_to_node.egg-info/SOURCES.txt'
[2.291s] running build
[2.291s] running build_py
[2.291s] running install
[2.301s] running install_lib
[2.363s] running install_data
[2.363s] running install_egg_info
[2.424s] removing '/home/mecroka/bumperbot_ws/install/arduino_to_node/lib/python3.12/site-packages/arduino_to_node-0.0.0-py3.12.egg-info' (and everything under it)
[2.427s] Copying ../../build/arduino_to_node/arduino_to_node.egg-info to /home/mecroka/bumperbot_ws/install/arduino_to_node/lib/python3.12/site-packages/arduino_to_node-0.0.0-py3.12.egg-info
[2.430s] running install_scripts
[2.658s] Installing serial_reader_node script to /home/mecroka/bumperbot_ws/install/arduino_to_node/lib/arduino_to_node
[2.659s] writing list of installed files to '/home/mecroka/bumperbot_ws/build/arduino_to_node/install.log'
[2.758s] Invoked command in '/home/mecroka/bumperbot_ws/src/arduino_to_node' returned '0': DEBUGINFOD_URLS=https://debuginfod.ubuntu.com PYTHONPATH=/home/mecroka/bumperbot_ws/build/arduino_to_node/prefix_override:/usr/lib/python3/dist-packages/colcon_core/task/python/colcon_distutils_commands:/home/mecroka/bumperbot_ws/install/arduino_to_node/lib/python3.12/site-packages:${PYTHONPATH} /usr/bin/python3 -W ignore:setup.py install is deprecated -W ignore:easy_install command is deprecated setup.py egg_info --egg-base ../../build/arduino_to_node build --build-base /home/mecroka/bumperbot_ws/build/arduino_to_node/build install --record /home/mecroka/bumperbot_ws/build/arduino_to_node/install.log --single-version-externally-managed install_data
