running egg_info
creating ../../build/arduino_to_node/arduino_to_node.egg-info
writing ../../build/arduino_to_node/arduino_to_node.egg-info/PKG-INFO
writing dependency_links to ../../build/arduino_to_node/arduino_to_node.egg-info/dependency_links.txt
writing entry points to ../../build/arduino_to_node/arduino_to_node.egg-info/entry_points.txt
writing requirements to ../../build/arduino_to_node/arduino_to_node.egg-info/requires.txt
writing top-level names to ../../build/arduino_to_node/arduino_to_node.egg-info/top_level.txt
writing manifest file '../../build/arduino_to_node/arduino_to_node.egg-info/SOURCES.txt'
reading manifest file '../../build/arduino_to_node/arduino_to_node.egg-info/SOURCES.txt'
writing manifest file '../../build/arduino_to_node/arduino_to_node.egg-info/SOURCES.txt'
running build
running build_py
creating /home/mecroka/bumperbot_ws/build/arduino_to_node/build
creating /home/mecroka/bumperbot_ws/build/arduino_to_node/build/lib
creating /home/mecroka/bumperbot_ws/build/arduino_to_node/build/lib/arduino_to_node
copying arduino_to_node/serial_reader_node.py -> /home/mecroka/bumperbot_ws/build/arduino_to_node/build/lib/arduino_to_node
copying arduino_to_node/__init__.py -> /home/mecroka/bumperbot_ws/build/arduino_to_node/build/lib/arduino_to_node
running install
running install_lib
creating /home/mecroka/bumperbot_ws/install/arduino_to_node/lib/python3.12/site-packages/arduino_to_node
copying /home/mecroka/bumperbot_ws/build/arduino_to_node/build/lib/arduino_to_node/serial_reader_node.py -> /home/mecroka/bumperbot_ws/install/arduino_to_node/lib/python3.12/site-packages/arduino_to_node
copying /home/mecroka/bumperbot_ws/build/arduino_to_node/build/lib/arduino_to_node/__init__.py -> /home/mecroka/bumperbot_ws/install/arduino_to_node/lib/python3.12/site-packages/arduino_to_node
byte-compiling /home/mecroka/bumperbot_ws/install/arduino_to_node/lib/python3.12/site-packages/arduino_to_node/serial_reader_node.py to serial_reader_node.cpython-312.pyc
byte-compiling /home/mecroka/bumperbot_ws/install/arduino_to_node/lib/python3.12/site-packages/arduino_to_node/__init__.py to __init__.cpython-312.pyc
running install_data
creating /home/mecroka/bumperbot_ws/install/arduino_to_node/share/ament_index
creating /home/mecroka/bumperbot_ws/install/arduino_to_node/share/ament_index/resource_index
creating /home/mecroka/bumperbot_ws/install/arduino_to_node/share/ament_index/resource_index/packages
copying resource/arduino_to_node -> /home/mecroka/bumperbot_ws/install/arduino_to_node/share/ament_index/resource_index/packages
copying package.xml -> /home/mecroka/bumperbot_ws/install/arduino_to_node/share/arduino_to_node
running install_egg_info
Copying ../../build/arduino_to_node/arduino_to_node.egg-info to /home/mecroka/bumperbot_ws/install/arduino_to_node/lib/python3.12/site-packages/arduino_to_node-0.0.0-py3.12.egg-info
running install_scripts
Installing serial_reader_node script to /home/mecroka/bumperbot_ws/install/arduino_to_node/lib/arduino_to_node
writing list of installed files to '/home/mecroka/bumperbot_ws/build/arduino_to_node/install.log'
