[1.737s] Invoking command in '/home/mecroka/bumperbot_ws/src/arduino_to_node': DEBUGINFOD_URLS=https://debuginfod.ubuntu.com PYTHONPATH=/home/mecroka/bumperbot_ws/build/arduino_to_node/prefix_override:/usr/lib/python3/dist-packages/colcon_core/task/python/colcon_distutils_commands:/home/mecroka/bumperbot_ws/install/arduino_to_node/lib/python3.12/site-packages:${PYTHONPATH} /usr/bin/python3 -W ignore:setup.py install is deprecated setup.py egg_info --egg-base ../../build/arduino_to_node build --build-base /home/mecroka/bumperbot_ws/build/arduino_to_node/build install --record /home/mecroka/bumperbot_ws/build/arduino_to_node/install.log --single-version-externally-managed install_data
[2.133s] running egg_info
[2.134s] creating ../../build/arduino_to_node/arduino_to_node.egg-info
[2.162s] writing ../../build/arduino_to_node/arduino_to_node.egg-info/PKG-INFO
[2.163s] writing dependency_links to ../../build/arduino_to_node/arduino_to_node.egg-info/dependency_links.txt
[2.163s] writing entry points to ../../build/arduino_to_node/arduino_to_node.egg-info/entry_points.txt
[2.163s] writing requirements to ../../build/arduino_to_node/arduino_to_node.egg-info/requires.txt
[2.163s] writing top-level names to ../../build/arduino_to_node/arduino_to_node.egg-info/top_level.txt
[2.163s] writing manifest file '../../build/arduino_to_node/arduino_to_node.egg-info/SOURCES.txt'
[2.220s] reading manifest file '../../build/arduino_to_node/arduino_to_node.egg-info/SOURCES.txt'
[2.221s] writing manifest file '../../build/arduino_to_node/arduino_to_node.egg-info/SOURCES.txt'
[2.222s] running build
[2.222s] running build_py
[2.222s] creating /home/mecroka/bumperbot_ws/build/arduino_to_node/build
[2.223s] creating /home/mecroka/bumperbot_ws/build/arduino_to_node/build/lib
[2.223s] creating /home/mecroka/bumperbot_ws/build/arduino_to_node/build/lib/arduino_to_node
[2.223s] copying arduino_to_node/serial_reader_node.py -> /home/mecroka/bumperbot_ws/build/arduino_to_node/build/lib/arduino_to_node
[2.223s] copying arduino_to_node/__init__.py -> /home/mecroka/bumperbot_ws/build/arduino_to_node/build/lib/arduino_to_node
[2.223s] running install
[2.232s] running install_lib
[2.261s] creating /home/mecroka/bumperbot_ws/install/arduino_to_node/lib/python3.12/site-packages/arduino_to_node
[2.261s] copying /home/mecroka/bumperbot_ws/build/arduino_to_node/build/lib/arduino_to_node/serial_reader_node.py -> /home/mecroka/bumperbot_ws/install/arduino_to_node/lib/python3.12/site-packages/arduino_to_node
[2.261s] copying /home/mecroka/bumperbot_ws/build/arduino_to_node/build/lib/arduino_to_node/__init__.py -> /home/mecroka/bumperbot_ws/install/arduino_to_node/lib/python3.12/site-packages/arduino_to_node
[2.262s] byte-compiling /home/mecroka/bumperbot_ws/install/arduino_to_node/lib/python3.12/site-packages/arduino_to_node/serial_reader_node.py to serial_reader_node.cpython-312.pyc
[2.263s] byte-compiling /home/mecroka/bumperbot_ws/install/arduino_to_node/lib/python3.12/site-packages/arduino_to_node/__init__.py to __init__.cpython-312.pyc
[2.263s] running install_data
[2.264s] creating /home/mecroka/bumperbot_ws/install/arduino_to_node/share/ament_index
[2.264s] creating /home/mecroka/bumperbot_ws/install/arduino_to_node/share/ament_index/resource_index
[2.264s] creating /home/mecroka/bumperbot_ws/install/arduino_to_node/share/ament_index/resource_index/packages
[2.265s] copying resource/arduino_to_node -> /home/mecroka/bumperbot_ws/install/arduino_to_node/share/ament_index/resource_index/packages
[2.265s] copying package.xml -> /home/mecroka/bumperbot_ws/install/arduino_to_node/share/arduino_to_node
[2.265s] running install_egg_info
[2.295s] Copying ../../build/arduino_to_node/arduino_to_node.egg-info to /home/mecroka/bumperbot_ws/install/arduino_to_node/lib/python3.12/site-packages/arduino_to_node-0.0.0-py3.12.egg-info
[2.296s] running install_scripts
[2.511s] Installing serial_reader_node script to /home/mecroka/bumperbot_ws/install/arduino_to_node/lib/arduino_to_node
[2.512s] writing list of installed files to '/home/mecroka/bumperbot_ws/build/arduino_to_node/install.log'
[2.609s] Invoked command in '/home/mecroka/bumperbot_ws/src/arduino_to_node' returned '0': DEBUGINFOD_URLS=https://debuginfod.ubuntu.com PYTHONPATH=/home/mecroka/bumperbot_ws/build/arduino_to_node/prefix_override:/usr/lib/python3/dist-packages/colcon_core/task/python/colcon_distutils_commands:/home/mecroka/bumperbot_ws/install/arduino_to_node/lib/python3.12/site-packages:${PYTHONPATH} /usr/bin/python3 -W ignore:setup.py install is deprecated setup.py egg_info --egg-base ../../build/arduino_to_node build --build-base /home/mecroka/bumperbot_ws/build/arduino_to_node/build install --record /home/mecroka/bumperbot_ws/build/arduino_to_node/install.log --single-version-externally-managed install_data
