[0.413s] Invoking command in '/home/mecroka/bumperbot_ws/build/bumperbot_description': CMAKE_PREFIX_PATH=${CMAKE_PREFIX_PATH}:/home/mecroka/bumperbot_ws/install/ros_arduino_conn:/home/mecroka/bumperbot_ws/install/arduino_to_node:/home/mecroka/nexus_ws/install/nexus_serial_comm:/opt/ros/jazzy DEBUGINFOD_URLS=https://debuginfod.ubuntu.com /usr/bin/cmake /home/mecroka/bumperbot_ws/src/bumperbot_description -DCMAKE_INSTALL_PREFIX=/home/mecroka/bumperbot_ws/install/bumperbot_description
[1.008s] -- The C compiler identification is GNU 13.3.0
[1.306s] -- The CXX compiler identification is GNU 13.3.0
[1.349s] -- Detecting C compiler ABI info
[1.563s] -- Detecting C compiler ABI info - done
[1.578s] -- Check for working C compiler: /usr/bin/cc - skipped
[1.579s] -- Detecting C compile features
[1.580s] -- Detecting C compile features - done
[1.600s] -- Detecting CXX compiler ABI info
[1.829s] -- Detecting CXX compiler ABI info - done
[1.849s] -- Check for working CXX compiler: /usr/bin/c++ - skipped
[1.849s] -- Detecting CXX compile features
[1.851s] -- Detecting CXX compile features - done
[1.882s] -- Found ament_cmake: 2.5.3 (/opt/ros/jazzy/share/ament_cmake/cmake)
[2.228s] -- Found Python3: /usr/bin/python3 (found version "3.12.3") found components: Interpreter 
[2.510s] -- Found ament_lint_auto: 0.17.1 (/opt/ros/jazzy/share/ament_lint_auto/cmake)
[2.843s] -- Added test 'flake8' to check Python code syntax and style conventions
[2.843s] -- Configured 'flake8' exclude dirs and/or files: 
[2.845s] -- Added test 'lint_cmake' to check CMake code style
[2.848s] -- Added test 'pep257' to check Python code against some of the docstring style conventions in PEP 257
[2.853s] -- Added test 'xmllint' to check XML markup files
[2.858s] -- Configuring done (2.4s)
[2.863s] -- Generating done (0.0s)
[2.869s] -- Build files have been written to: /home/mecroka/bumperbot_ws/build/bumperbot_description
[2.884s] Invoked command in '/home/mecroka/bumperbot_ws/build/bumperbot_description' returned '0': CMAKE_PREFIX_PATH=${CMAKE_PREFIX_PATH}:/home/mecroka/bumperbot_ws/install/ros_arduino_conn:/home/mecroka/bumperbot_ws/install/arduino_to_node:/home/mecroka/nexus_ws/install/nexus_serial_comm:/opt/ros/jazzy DEBUGINFOD_URLS=https://debuginfod.ubuntu.com /usr/bin/cmake /home/mecroka/bumperbot_ws/src/bumperbot_description -DCMAKE_INSTALL_PREFIX=/home/mecroka/bumperbot_ws/install/bumperbot_description
[2.887s] Invoking command in '/home/mecroka/bumperbot_ws/build/bumperbot_description': CMAKE_PREFIX_PATH=${CMAKE_PREFIX_PATH}:/home/mecroka/bumperbot_ws/install/ros_arduino_conn:/home/mecroka/bumperbot_ws/install/arduino_to_node:/home/mecroka/nexus_ws/install/nexus_serial_comm:/opt/ros/jazzy DEBUGINFOD_URLS=https://debuginfod.ubuntu.com /usr/bin/cmake --build /home/mecroka/bumperbot_ws/build/bumperbot_description -- -j4 -l4
[2.991s] Invoked command in '/home/mecroka/bumperbot_ws/build/bumperbot_description' returned '0': CMAKE_PREFIX_PATH=${CMAKE_PREFIX_PATH}:/home/mecroka/bumperbot_ws/install/ros_arduino_conn:/home/mecroka/bumperbot_ws/install/arduino_to_node:/home/mecroka/nexus_ws/install/nexus_serial_comm:/opt/ros/jazzy DEBUGINFOD_URLS=https://debuginfod.ubuntu.com /usr/bin/cmake --build /home/mecroka/bumperbot_ws/build/bumperbot_description -- -j4 -l4
[3.016s] Invoking command in '/home/mecroka/bumperbot_ws/build/bumperbot_description': CMAKE_PREFIX_PATH=${CMAKE_PREFIX_PATH}:/home/mecroka/bumperbot_ws/install/ros_arduino_conn:/home/mecroka/bumperbot_ws/install/arduino_to_node:/home/mecroka/nexus_ws/install/nexus_serial_comm:/opt/ros/jazzy DEBUGINFOD_URLS=https://debuginfod.ubuntu.com /usr/bin/cmake --install /home/mecroka/bumperbot_ws/build/bumperbot_description
[3.036s] -- Install configuration: ""
[3.036s] -- Installing: /home/mecroka/bumperbot_ws/install/bumperbot_description/share/bumperbot_description/meshes
[3.037s] -- Installing: /home/mecroka/bumperbot_ws/install/bumperbot_description/share/bumperbot_description/meshes/mecanum_wheel_right.STL
[3.041s] -- Installing: /home/mecroka/bumperbot_ws/install/bumperbot_description/share/bumperbot_description/meshes/nexus_base_link_collision.STL
[3.041s] -- Installing: /home/mecroka/bumperbot_ws/install/bumperbot_description/share/bumperbot_description/meshes/mecanum_wheel_left.STL
[3.045s] -- Installing: /home/mecroka/bumperbot_ws/install/bumperbot_description/share/bumperbot_description/meshes/urm04.STL
[3.046s] -- Installing: /home/mecroka/bumperbot_ws/install/bumperbot_description/share/bumperbot_description/meshes/nexus_base_link.STL
[3.046s] -- Installing: /home/mecroka/bumperbot_ws/install/bumperbot_description/share/bumperbot_description/meshes/wheel_shaft.STL
[3.047s] -- Installing: /home/mecroka/bumperbot_ws/install/bumperbot_description/share/bumperbot_description/urdf
[3.047s] -- Installing: /home/mecroka/bumperbot_ws/install/bumperbot_description/share/bumperbot_description/urdf/bumperbot_gazebo.xacro
[3.047s] -- Installing: /home/mecroka/bumperbot_ws/install/bumperbot_description/share/bumperbot_description/urdf/bumperbot.urdf.xacro
[3.048s] -- Installing: /home/mecroka/bumperbot_ws/install/bumperbot_description/share/bumperbot_description/urdf/bumperbot_ros2_control.xacro
[3.048s] -- Installing: /home/mecroka/bumperbot_ws/install/bumperbot_description/share/bumperbot_description/launch
[3.049s] -- Installing: /home/mecroka/bumperbot_ws/install/bumperbot_description/share/bumperbot_description/launch/gazebo.launch.py
[3.049s] -- Installing: /home/mecroka/bumperbot_ws/install/bumperbot_description/share/bumperbot_description/launch/display.launch.py
[3.049s] -- Installing: /home/mecroka/bumperbot_ws/install/bumperbot_description/share/bumperbot_description/rviz
[3.050s] -- Installing: /home/mecroka/bumperbot_ws/install/bumperbot_description/share/bumperbot_description/rviz/display.rviz
[3.051s] -- Installing: /home/mecroka/bumperbot_ws/install/bumperbot_description/share/ament_index/resource_index/package_run_dependencies/bumperbot_description
[3.051s] -- Installing: /home/mecroka/bumperbot_ws/install/bumperbot_description/share/ament_index/resource_index/parent_prefix_path/bumperbot_description
[3.052s] -- Installing: /home/mecroka/bumperbot_ws/install/bumperbot_description/share/bumperbot_description/environment/ament_prefix_path.sh
[3.052s] -- Installing: /home/mecroka/bumperbot_ws/install/bumperbot_description/share/bumperbot_description/environment/ament_prefix_path.dsv
[3.052s] -- Installing: /home/mecroka/bumperbot_ws/install/bumperbot_description/share/bumperbot_description/environment/path.sh
[3.053s] -- Installing: /home/mecroka/bumperbot_ws/install/bumperbot_description/share/bumperbot_description/environment/path.dsv
[3.053s] -- Installing: /home/mecroka/bumperbot_ws/install/bumperbot_description/share/bumperbot_description/local_setup.bash
[3.054s] -- Installing: /home/mecroka/bumperbot_ws/install/bumperbot_description/share/bumperbot_description/local_setup.sh
[3.055s] -- Installing: /home/mecroka/bumperbot_ws/install/bumperbot_description/share/bumperbot_description/local_setup.zsh
[3.055s] -- Installing: /home/mecroka/bumperbot_ws/install/bumperbot_description/share/bumperbot_description/local_setup.dsv
[3.056s] -- Installing: /home/mecroka/bumperbot_ws/install/bumperbot_description/share/bumperbot_description/package.dsv
[3.056s] -- Installing: /home/mecroka/bumperbot_ws/install/bumperbot_description/share/ament_index/resource_index/packages/bumperbot_description
[3.057s] -- Installing: /home/mecroka/bumperbot_ws/install/bumperbot_description/share/bumperbot_description/cmake/bumperbot_descriptionConfig.cmake
[3.057s] -- Installing: /home/mecroka/bumperbot_ws/install/bumperbot_description/share/bumperbot_description/cmake/bumperbot_descriptionConfig-version.cmake
[3.059s] -- Installing: /home/mecroka/bumperbot_ws/install/bumperbot_description/share/bumperbot_description/package.xml
[3.062s] Invoked command in '/home/mecroka/bumperbot_ws/build/bumperbot_description' returned '0': CMAKE_PREFIX_PATH=${CMAKE_PREFIX_PATH}:/home/mecroka/bumperbot_ws/install/ros_arduino_conn:/home/mecroka/bumperbot_ws/install/arduino_to_node:/home/mecroka/nexus_ws/install/nexus_serial_comm:/opt/ros/jazzy DEBUGINFOD_URLS=https://debuginfod.ubuntu.com /usr/bin/cmake --install /home/mecroka/bumperbot_ws/build/bumperbot_description
