[0.217s] DEBUG:colcon:Command line arguments: ['/usr/bin/colcon', 'build']
[0.217s] DEBUG:colcon:Parsed command line arguments: Namespace(log_base=None, log_level=None, verb_name='build', build_base='build', install_base='install', merge_install=False, symlink_install=False, test_result_base=None, continue_on_error=False, executor='parallel', parallel_workers=4, event_handlers=None, ignore_user_meta=False, metas=['./colcon.meta'], base_paths=['.'], packages_ignore=None, packages_ignore_regex=None, paths=None, packages_up_to=None, packages_up_to_regex=None, packages_above=None, packages_above_and_dependencies=None, packages_above_depth=None, packages_select_by_dep=None, packages_skip_by_dep=None, packages_skip_up_to=None, packages_select_build_failed=False, packages_skip_build_finished=False, packages_select_test_failures=False, packages_skip_test_passed=False, packages_select=None, packages_skip=None, packages_select_regex=None, packages_skip_regex=None, packages_start=None, packages_end=None, allow_overriding=[], cmake_args=None, cmake_target=None, cmake_target_skip_unavailable=False, cmake_clean_cache=False, cmake_clean_first=False, cmake_force_configure=False, ament_cmake_args=None, catkin_cmake_args=None, catkin_skip_building_tests=False, mixin_files=None, mixin=None, verb_parser=<colcon_mixin.mixin.mixin_argument.MixinArgumentDecorator object at 0xffff8f2a5a00>, verb_extension=<colcon_core.verb.build.BuildVerb object at 0xffff8f2a56a0>, main=<bound method BuildVerb.main of <colcon_core.verb.build.BuildVerb object at 0xffff8f2a56a0>>, mixin_verb=('build',))
[0.276s] Level 1:colcon.colcon_core.package_discovery:discover_packages(colcon_meta) check parameters
[0.277s] Level 1:colcon.colcon_core.package_discovery:discover_packages(recursive) check parameters
[0.277s] Level 1:colcon.colcon_core.package_discovery:discover_packages(ignore) check parameters
[0.277s] Level 1:colcon.colcon_core.package_discovery:discover_packages(path) check parameters
[0.277s] Level 1:colcon.colcon_core.package_discovery:discover_packages(colcon_meta) discover
[0.277s] Level 1:colcon.colcon_core.package_discovery:discover_packages(recursive) discover
[0.277s] INFO:colcon.colcon_core.package_discovery:Crawling recursively for packages in '/home/mecroka/bumperbot_ws'
[0.277s] Level 1:colcon.colcon_core.package_identification:_identify(.) by extensions ['ignore', 'ignore_ament_install']
[0.277s] Level 1:colcon.colcon_core.package_identification:_identify(.) by extension 'ignore'
[0.277s] Level 1:colcon.colcon_core.package_identification:_identify(.) by extension 'ignore_ament_install'
[0.277s] Level 1:colcon.colcon_core.package_identification:_identify(.) by extensions ['colcon_pkg']
[0.277s] Level 1:colcon.colcon_core.package_identification:_identify(.) by extension 'colcon_pkg'
[0.277s] Level 1:colcon.colcon_core.package_identification:_identify(.) by extensions ['colcon_meta']
[0.277s] Level 1:colcon.colcon_core.package_identification:_identify(.) by extension 'colcon_meta'
[0.277s] Level 1:colcon.colcon_core.package_identification:_identify(.) by extensions ['ros']
[0.277s] Level 1:colcon.colcon_core.package_identification:_identify(.) by extension 'ros'
[0.349s] Level 1:colcon.colcon_core.package_identification:_identify(.) by extensions ['cmake', 'python']
[0.349s] Level 1:colcon.colcon_core.package_identification:_identify(.) by extension 'cmake'
[0.349s] Level 1:colcon.colcon_core.package_identification:_identify(.) by extension 'python'
[0.350s] Level 1:colcon.colcon_core.package_identification:_identify(.) by extensions ['python_setup_py']
[0.350s] Level 1:colcon.colcon_core.package_identification:_identify(.) by extension 'python_setup_py'
[0.350s] Level 1:colcon.colcon_core.package_identification:_identify(build) by extensions ['ignore', 'ignore_ament_install']
[0.350s] Level 1:colcon.colcon_core.package_identification:_identify(build) by extension 'ignore'
[0.350s] Level 1:colcon.colcon_core.package_identification:_identify(build) ignored
[0.351s] Level 1:colcon.colcon_core.package_identification:_identify(install) by extensions ['ignore', 'ignore_ament_install']
[0.351s] Level 1:colcon.colcon_core.package_identification:_identify(install) by extension 'ignore'
[0.351s] Level 1:colcon.colcon_core.package_identification:_identify(install) ignored
[0.351s] Level 1:colcon.colcon_core.package_identification:_identify(log) by extensions ['ignore', 'ignore_ament_install']
[0.352s] Level 1:colcon.colcon_core.package_identification:_identify(log) by extension 'ignore'
[0.352s] Level 1:colcon.colcon_core.package_identification:_identify(log) ignored
[0.352s] Level 1:colcon.colcon_core.package_identification:_identify(src) by extensions ['ignore', 'ignore_ament_install']
[0.352s] Level 1:colcon.colcon_core.package_identification:_identify(src) by extension 'ignore'
[0.352s] Level 1:colcon.colcon_core.package_identification:_identify(src) by extension 'ignore_ament_install'
[0.353s] Level 1:colcon.colcon_core.package_identification:_identify(src) by extensions ['colcon_pkg']
[0.353s] Level 1:colcon.colcon_core.package_identification:_identify(src) by extension 'colcon_pkg'
[0.353s] Level 1:colcon.colcon_core.package_identification:_identify(src) by extensions ['colcon_meta']
[0.353s] Level 1:colcon.colcon_core.package_identification:_identify(src) by extension 'colcon_meta'
[0.353s] Level 1:colcon.colcon_core.package_identification:_identify(src) by extensions ['ros']
[0.353s] Level 1:colcon.colcon_core.package_identification:_identify(src) by extension 'ros'
[0.353s] Level 1:colcon.colcon_core.package_identification:_identify(src) by extensions ['cmake', 'python']
[0.353s] Level 1:colcon.colcon_core.package_identification:_identify(src) by extension 'cmake'
[0.353s] Level 1:colcon.colcon_core.package_identification:_identify(src) by extension 'python'
[0.354s] Level 1:colcon.colcon_core.package_identification:_identify(src) by extensions ['python_setup_py']
[0.354s] Level 1:colcon.colcon_core.package_identification:_identify(src) by extension 'python_setup_py'
[0.354s] Level 1:colcon.colcon_core.package_identification:_identify(src/arduino_to_node) by extensions ['ignore', 'ignore_ament_install']
[0.354s] Level 1:colcon.colcon_core.package_identification:_identify(src/arduino_to_node) by extension 'ignore'
[0.354s] Level 1:colcon.colcon_core.package_identification:_identify(src/arduino_to_node) by extension 'ignore_ament_install'
[0.354s] Level 1:colcon.colcon_core.package_identification:_identify(src/arduino_to_node) by extensions ['colcon_pkg']
[0.354s] Level 1:colcon.colcon_core.package_identification:_identify(src/arduino_to_node) by extension 'colcon_pkg'
[0.355s] Level 1:colcon.colcon_core.package_identification:_identify(src/arduino_to_node) by extensions ['colcon_meta']
[0.355s] Level 1:colcon.colcon_core.package_identification:_identify(src/arduino_to_node) by extension 'colcon_meta'
[0.355s] Level 1:colcon.colcon_core.package_identification:_identify(src/arduino_to_node) by extensions ['ros']
[0.355s] Level 1:colcon.colcon_core.package_identification:_identify(src/arduino_to_node) by extension 'ros'
[0.362s] DEBUG:colcon.colcon_core.package_identification:Package 'src/arduino_to_node' with type 'ros.ament_python' and name 'arduino_to_node'
[0.362s] Level 1:colcon.colcon_core.package_identification:_identify(src/ros_arduino_conn) by extensions ['ignore', 'ignore_ament_install']
[0.363s] Level 1:colcon.colcon_core.package_identification:_identify(src/ros_arduino_conn) by extension 'ignore'
[0.363s] Level 1:colcon.colcon_core.package_identification:_identify(src/ros_arduino_conn) by extension 'ignore_ament_install'
[0.363s] Level 1:colcon.colcon_core.package_identification:_identify(src/ros_arduino_conn) by extensions ['colcon_pkg']
[0.363s] Level 1:colcon.colcon_core.package_identification:_identify(src/ros_arduino_conn) by extension 'colcon_pkg'
[0.363s] Level 1:colcon.colcon_core.package_identification:_identify(src/ros_arduino_conn) by extensions ['colcon_meta']
[0.363s] Level 1:colcon.colcon_core.package_identification:_identify(src/ros_arduino_conn) by extension 'colcon_meta'
[0.363s] Level 1:colcon.colcon_core.package_identification:_identify(src/ros_arduino_conn) by extensions ['ros']
[0.363s] Level 1:colcon.colcon_core.package_identification:_identify(src/ros_arduino_conn) by extension 'ros'
[0.366s] DEBUG:colcon.colcon_core.package_identification:Package 'src/ros_arduino_conn' with type 'ros.ament_python' and name 'ros_arduino_conn'
[0.366s] Level 1:colcon.colcon_core.package_discovery:discover_packages(recursive) using defaults
[0.366s] Level 1:colcon.colcon_core.package_discovery:discover_packages(ignore) discover
[0.366s] Level 1:colcon.colcon_core.package_discovery:discover_packages(ignore) using defaults
[0.366s] Level 1:colcon.colcon_core.package_discovery:discover_packages(path) discover
[0.366s] Level 1:colcon.colcon_core.package_discovery:discover_packages(path) using defaults
[0.405s] Level 1:colcon.colcon_core.package_discovery:discover_packages(prefix_path) check parameters
[0.405s] Level 1:colcon.colcon_core.package_discovery:discover_packages(prefix_path) discover
[0.408s] DEBUG:colcon.colcon_installed_package_information.package_discovery:Found 2 installed packages in /home/mecroka/bumperbot_ws/install
[0.409s] DEBUG:colcon.colcon_installed_package_information.package_discovery:Found 1 installed packages in /home/mecroka/nexus_ws/install
[0.411s] DEBUG:colcon.colcon_installed_package_information.package_discovery:Found 336 installed packages in /opt/ros/jazzy
[0.414s] Level 1:colcon.colcon_core.package_discovery:discover_packages(prefix_path) using defaults
[0.482s] Level 5:colcon.colcon_core.verb:set package 'arduino_to_node' build argument 'cmake_args' from command line to 'None'
[0.483s] Level 5:colcon.colcon_core.verb:set package 'arduino_to_node' build argument 'cmake_target' from command line to 'None'
[0.483s] Level 5:colcon.colcon_core.verb:set package 'arduino_to_node' build argument 'cmake_target_skip_unavailable' from command line to 'False'
[0.483s] Level 5:colcon.colcon_core.verb:set package 'arduino_to_node' build argument 'cmake_clean_cache' from command line to 'False'
[0.483s] Level 5:colcon.colcon_core.verb:set package 'arduino_to_node' build argument 'cmake_clean_first' from command line to 'False'
[0.483s] Level 5:colcon.colcon_core.verb:set package 'arduino_to_node' build argument 'cmake_force_configure' from command line to 'False'
[0.483s] Level 5:colcon.colcon_core.verb:set package 'arduino_to_node' build argument 'ament_cmake_args' from command line to 'None'
[0.483s] Level 5:colcon.colcon_core.verb:set package 'arduino_to_node' build argument 'catkin_cmake_args' from command line to 'None'
[0.483s] Level 5:colcon.colcon_core.verb:set package 'arduino_to_node' build argument 'catkin_skip_building_tests' from command line to 'False'
[0.483s] DEBUG:colcon.colcon_core.verb:Building package 'arduino_to_node' with the following arguments: {'ament_cmake_args': None, 'build_base': '/home/mecroka/bumperbot_ws/build/arduino_to_node', 'catkin_cmake_args': None, 'catkin_skip_building_tests': False, 'cmake_args': None, 'cmake_clean_cache': False, 'cmake_clean_first': False, 'cmake_force_configure': False, 'cmake_target': None, 'cmake_target_skip_unavailable': False, 'install_base': '/home/mecroka/bumperbot_ws/install/arduino_to_node', 'merge_install': False, 'path': '/home/mecroka/bumperbot_ws/src/arduino_to_node', 'symlink_install': False, 'test_result_base': None}
[0.483s] Level 5:colcon.colcon_core.verb:set package 'ros_arduino_conn' build argument 'cmake_args' from command line to 'None'
[0.483s] Level 5:colcon.colcon_core.verb:set package 'ros_arduino_conn' build argument 'cmake_target' from command line to 'None'
[0.483s] Level 5:colcon.colcon_core.verb:set package 'ros_arduino_conn' build argument 'cmake_target_skip_unavailable' from command line to 'False'
[0.483s] Level 5:colcon.colcon_core.verb:set package 'ros_arduino_conn' build argument 'cmake_clean_cache' from command line to 'False'
[0.483s] Level 5:colcon.colcon_core.verb:set package 'ros_arduino_conn' build argument 'cmake_clean_first' from command line to 'False'
[0.483s] Level 5:colcon.colcon_core.verb:set package 'ros_arduino_conn' build argument 'cmake_force_configure' from command line to 'False'
[0.483s] Level 5:colcon.colcon_core.verb:set package 'ros_arduino_conn' build argument 'ament_cmake_args' from command line to 'None'
[0.483s] Level 5:colcon.colcon_core.verb:set package 'ros_arduino_conn' build argument 'catkin_cmake_args' from command line to 'None'
[0.484s] Level 5:colcon.colcon_core.verb:set package 'ros_arduino_conn' build argument 'catkin_skip_building_tests' from command line to 'False'
[0.484s] DEBUG:colcon.colcon_core.verb:Building package 'ros_arduino_conn' with the following arguments: {'ament_cmake_args': None, 'build_base': '/home/mecroka/bumperbot_ws/build/ros_arduino_conn', 'catkin_cmake_args': None, 'catkin_skip_building_tests': False, 'cmake_args': None, 'cmake_clean_cache': False, 'cmake_clean_first': False, 'cmake_force_configure': False, 'cmake_target': None, 'cmake_target_skip_unavailable': False, 'install_base': '/home/mecroka/bumperbot_ws/install/ros_arduino_conn', 'merge_install': False, 'path': '/home/mecroka/bumperbot_ws/src/ros_arduino_conn', 'symlink_install': False, 'test_result_base': None}
[0.484s] INFO:colcon.colcon_core.executor:Executing jobs using 'parallel' executor
[0.485s] DEBUG:colcon.colcon_parallel_executor.executor.parallel:run_until_complete
[0.485s] INFO:colcon.colcon_ros.task.ament_python.build:Building ROS package in '/home/mecroka/bumperbot_ws/src/arduino_to_node' with build type 'ament_python'
[0.486s] Level 1:colcon.colcon_core.shell:create_environment_hook('arduino_to_node', 'ament_prefix_path')
[0.488s] INFO:colcon.colcon_core.plugin_system:Skipping extension 'colcon_core.shell.bat': Not used on non-Windows systems
[0.488s] INFO:colcon.colcon_core.shell:Creating environment hook '/home/mecroka/bumperbot_ws/install/arduino_to_node/share/arduino_to_node/hook/ament_prefix_path.ps1'
[0.489s] INFO:colcon.colcon_core.shell:Creating environment descriptor '/home/mecroka/bumperbot_ws/install/arduino_to_node/share/arduino_to_node/hook/ament_prefix_path.dsv'
[0.490s] INFO:colcon.colcon_core.shell:Creating environment hook '/home/mecroka/bumperbot_ws/install/arduino_to_node/share/arduino_to_node/hook/ament_prefix_path.sh'
[0.491s] INFO:colcon.colcon_core.shell:Skip shell extension 'powershell' for command environment: Not usable outside of PowerShell
[0.491s] DEBUG:colcon.colcon_core.shell:Skip shell extension 'dsv' for command environment
[0.496s] INFO:colcon.colcon_ros.task.ament_python.build:Building ROS package in '/home/mecroka/bumperbot_ws/src/ros_arduino_conn' with build type 'ament_python'
[0.496s] Level 1:colcon.colcon_core.shell:create_environment_hook('ros_arduino_conn', 'ament_prefix_path')
[0.497s] INFO:colcon.colcon_core.shell:Creating environment hook '/home/mecroka/bumperbot_ws/install/ros_arduino_conn/share/ros_arduino_conn/hook/ament_prefix_path.ps1'
[0.498s] INFO:colcon.colcon_core.shell:Creating environment descriptor '/home/mecroka/bumperbot_ws/install/ros_arduino_conn/share/ros_arduino_conn/hook/ament_prefix_path.dsv'
[0.498s] INFO:colcon.colcon_core.shell:Creating environment hook '/home/mecroka/bumperbot_ws/install/ros_arduino_conn/share/ros_arduino_conn/hook/ament_prefix_path.sh'
[0.500s] INFO:colcon.colcon_core.shell:Skip shell extension 'powershell' for command environment: Not usable outside of PowerShell
[0.500s] DEBUG:colcon.colcon_core.shell:Skip shell extension 'dsv' for command environment
[0.863s] INFO:colcon.colcon_core.task.python.build:Building Python package in '/home/mecroka/bumperbot_ws/src/arduino_to_node'
[0.864s] INFO:colcon.colcon_core.shell:Skip shell extension 'powershell' for command environment: Not usable outside of PowerShell
[0.864s] DEBUG:colcon.colcon_core.shell:Skip shell extension 'dsv' for command environment
[1.287s] INFO:colcon.colcon_core.task.python.build:Building Python package in '/home/mecroka/bumperbot_ws/src/ros_arduino_conn'
[1.288s] INFO:colcon.colcon_core.shell:Skip shell extension 'powershell' for command environment: Not usable outside of PowerShell
[1.288s] DEBUG:colcon.colcon_core.shell:Skip shell extension 'dsv' for command environment
[2.504s] DEBUG:colcon.colcon_core.event_handler.log_command:Invoking command in '/home/mecroka/bumperbot_ws/src/ros_arduino_conn': DEBUGINFOD_URLS=https://debuginfod.ubuntu.com PYTHONPATH=/home/mecroka/bumperbot_ws/build/ros_arduino_conn/prefix_override:/usr/lib/python3/dist-packages/colcon_core/task/python/colcon_distutils_commands:/home/mecroka/bumperbot_ws/install/ros_arduino_conn/lib/python3.12/site-packages:${PYTHONPATH} /usr/bin/python3 -W ignore:setup.py install is deprecated -W ignore:easy_install command is deprecated setup.py egg_info --egg-base ../../build/ros_arduino_conn build --build-base /home/mecroka/bumperbot_ws/build/ros_arduino_conn/build install --record /home/mecroka/bumperbot_ws/build/ros_arduino_conn/install.log --single-version-externally-managed install_data
[2.655s] DEBUG:colcon.colcon_core.event_handler.log_command:Invoking command in '/home/mecroka/bumperbot_ws/src/arduino_to_node': DEBUGINFOD_URLS=https://debuginfod.ubuntu.com PYTHONPATH=/home/mecroka/bumperbot_ws/build/arduino_to_node/prefix_override:/usr/lib/python3/dist-packages/colcon_core/task/python/colcon_distutils_commands:/home/mecroka/bumperbot_ws/install/arduino_to_node/lib/python3.12/site-packages:${PYTHONPATH} /usr/bin/python3 -W ignore:setup.py install is deprecated -W ignore:easy_install command is deprecated setup.py egg_info --egg-base ../../build/arduino_to_node build --build-base /home/mecroka/bumperbot_ws/build/arduino_to_node/build install --record /home/mecroka/bumperbot_ws/build/arduino_to_node/install.log --single-version-externally-managed install_data
[3.752s] DEBUG:colcon.colcon_core.event_handler.log_command:Invoked command in '/home/mecroka/bumperbot_ws/src/ros_arduino_conn' returned '0': DEBUGINFOD_URLS=https://debuginfod.ubuntu.com PYTHONPATH=/home/mecroka/bumperbot_ws/build/ros_arduino_conn/prefix_override:/usr/lib/python3/dist-packages/colcon_core/task/python/colcon_distutils_commands:/home/mecroka/bumperbot_ws/install/ros_arduino_conn/lib/python3.12/site-packages:${PYTHONPATH} /usr/bin/python3 -W ignore:setup.py install is deprecated -W ignore:easy_install command is deprecated setup.py egg_info --egg-base ../../build/ros_arduino_conn build --build-base /home/mecroka/bumperbot_ws/build/ros_arduino_conn/build install --record /home/mecroka/bumperbot_ws/build/ros_arduino_conn/install.log --single-version-externally-managed install_data
[3.756s] Level 1:colcon.colcon_core.environment:checking '/home/mecroka/bumperbot_ws/install/ros_arduino_conn' for CMake module files
[3.757s] Level 1:colcon.colcon_core.environment:checking '/home/mecroka/bumperbot_ws/install/ros_arduino_conn' for CMake config files
[3.758s] Level 1:colcon.colcon_core.environment:checking '/home/mecroka/bumperbot_ws/install/ros_arduino_conn/lib'
[3.758s] Level 1:colcon.colcon_core.environment:checking '/home/mecroka/bumperbot_ws/install/ros_arduino_conn/bin'
[3.758s] Level 1:colcon.colcon_core.environment:checking '/home/mecroka/bumperbot_ws/install/ros_arduino_conn/lib/pkgconfig/ros_arduino_conn.pc'
[3.758s] Level 1:colcon.colcon_core.environment:checking '/home/mecroka/bumperbot_ws/install/ros_arduino_conn/lib/python3.12/site-packages'
[3.759s] Level 1:colcon.colcon_core.shell:create_environment_hook('ros_arduino_conn', 'pythonpath')
[3.759s] INFO:colcon.colcon_core.shell:Creating environment hook '/home/mecroka/bumperbot_ws/install/ros_arduino_conn/share/ros_arduino_conn/hook/pythonpath.ps1'
[3.760s] INFO:colcon.colcon_core.shell:Creating environment descriptor '/home/mecroka/bumperbot_ws/install/ros_arduino_conn/share/ros_arduino_conn/hook/pythonpath.dsv'
[3.761s] INFO:colcon.colcon_core.shell:Creating environment hook '/home/mecroka/bumperbot_ws/install/ros_arduino_conn/share/ros_arduino_conn/hook/pythonpath.sh'
[3.762s] Level 1:colcon.colcon_core.environment:checking '/home/mecroka/bumperbot_ws/install/ros_arduino_conn/bin'
[3.762s] Level 1:colcon.colcon_core.environment:create_environment_scripts_only(ros_arduino_conn)
[3.763s] INFO:colcon.colcon_core.shell:Creating package script '/home/mecroka/bumperbot_ws/install/ros_arduino_conn/share/ros_arduino_conn/package.ps1'
[3.764s] INFO:colcon.colcon_core.shell:Creating package descriptor '/home/mecroka/bumperbot_ws/install/ros_arduino_conn/share/ros_arduino_conn/package.dsv'
[3.766s] INFO:colcon.colcon_core.shell:Creating package script '/home/mecroka/bumperbot_ws/install/ros_arduino_conn/share/ros_arduino_conn/package.sh'
[3.768s] INFO:colcon.colcon_core.shell:Creating package script '/home/mecroka/bumperbot_ws/install/ros_arduino_conn/share/ros_arduino_conn/package.bash'
[3.770s] INFO:colcon.colcon_core.shell:Creating package script '/home/mecroka/bumperbot_ws/install/ros_arduino_conn/share/ros_arduino_conn/package.zsh'
[3.772s] Level 1:colcon.colcon_core.environment:create_file_with_runtime_dependencies(/home/mecroka/bumperbot_ws/install/ros_arduino_conn/share/colcon-core/packages/ros_arduino_conn)
[3.866s] Level 1:colcon.colcon_core.environment:checking '/home/mecroka/bumperbot_ws/install/arduino_to_node' for CMake module files
[3.867s] DEBUG:colcon.colcon_core.event_handler.log_command:Invoked command in '/home/mecroka/bumperbot_ws/src/arduino_to_node' returned '0': DEBUGINFOD_URLS=https://debuginfod.ubuntu.com PYTHONPATH=/home/mecroka/bumperbot_ws/build/arduino_to_node/prefix_override:/usr/lib/python3/dist-packages/colcon_core/task/python/colcon_distutils_commands:/home/mecroka/bumperbot_ws/install/arduino_to_node/lib/python3.12/site-packages:${PYTHONPATH} /usr/bin/python3 -W ignore:setup.py install is deprecated -W ignore:easy_install command is deprecated setup.py egg_info --egg-base ../../build/arduino_to_node build --build-base /home/mecroka/bumperbot_ws/build/arduino_to_node/build install --record /home/mecroka/bumperbot_ws/build/arduino_to_node/install.log --single-version-externally-managed install_data
[3.868s] Level 1:colcon.colcon_core.environment:checking '/home/mecroka/bumperbot_ws/install/arduino_to_node' for CMake config files
[3.869s] Level 1:colcon.colcon_core.environment:checking '/home/mecroka/bumperbot_ws/install/arduino_to_node/lib'
[3.869s] Level 1:colcon.colcon_core.environment:checking '/home/mecroka/bumperbot_ws/install/arduino_to_node/bin'
[3.869s] Level 1:colcon.colcon_core.environment:checking '/home/mecroka/bumperbot_ws/install/arduino_to_node/lib/pkgconfig/arduino_to_node.pc'
[3.870s] Level 1:colcon.colcon_core.environment:checking '/home/mecroka/bumperbot_ws/install/arduino_to_node/lib/python3.12/site-packages'
[3.870s] Level 1:colcon.colcon_core.shell:create_environment_hook('arduino_to_node', 'pythonpath')
[3.870s] INFO:colcon.colcon_core.shell:Creating environment hook '/home/mecroka/bumperbot_ws/install/arduino_to_node/share/arduino_to_node/hook/pythonpath.ps1'
[3.871s] INFO:colcon.colcon_core.shell:Creating environment descriptor '/home/mecroka/bumperbot_ws/install/arduino_to_node/share/arduino_to_node/hook/pythonpath.dsv'
[3.872s] INFO:colcon.colcon_core.shell:Creating environment hook '/home/mecroka/bumperbot_ws/install/arduino_to_node/share/arduino_to_node/hook/pythonpath.sh'
[3.874s] Level 1:colcon.colcon_core.environment:checking '/home/mecroka/bumperbot_ws/install/arduino_to_node/bin'
[3.874s] Level 1:colcon.colcon_core.environment:create_environment_scripts_only(arduino_to_node)
[3.874s] INFO:colcon.colcon_core.shell:Creating package script '/home/mecroka/bumperbot_ws/install/arduino_to_node/share/arduino_to_node/package.ps1'
[3.875s] INFO:colcon.colcon_core.shell:Creating package descriptor '/home/mecroka/bumperbot_ws/install/arduino_to_node/share/arduino_to_node/package.dsv'
[3.875s] INFO:colcon.colcon_core.shell:Creating package script '/home/mecroka/bumperbot_ws/install/arduino_to_node/share/arduino_to_node/package.sh'
[3.876s] INFO:colcon.colcon_core.shell:Creating package script '/home/mecroka/bumperbot_ws/install/arduino_to_node/share/arduino_to_node/package.bash'
[3.877s] INFO:colcon.colcon_core.shell:Creating package script '/home/mecroka/bumperbot_ws/install/arduino_to_node/share/arduino_to_node/package.zsh'
[3.878s] Level 1:colcon.colcon_core.environment:create_file_with_runtime_dependencies(/home/mecroka/bumperbot_ws/install/arduino_to_node/share/colcon-core/packages/arduino_to_node)
[3.879s] DEBUG:colcon.colcon_parallel_executor.executor.parallel:closing loop
[3.880s] DEBUG:colcon.colcon_parallel_executor.executor.parallel:loop closed
[3.880s] DEBUG:colcon.colcon_parallel_executor.executor.parallel:run_until_complete finished with '0'
[3.880s] DEBUG:colcon.colcon_core.event_reactor:joining thread
[3.888s] INFO:colcon.colcon_core.plugin_system:Skipping extension 'colcon_notification.desktop_notification.terminal_notifier': Not used on non-Darwin systems
[3.888s] INFO:colcon.colcon_core.plugin_system:Skipping extension 'colcon_notification.desktop_notification.win32': Not used on non-Windows systems
[3.888s] INFO:colcon.colcon_notification.desktop_notification:Sending desktop notification using 'notify2'
[3.895s] DEBUG:colcon.colcon_core.event_reactor:joined thread
[3.895s] INFO:colcon.colcon_core.shell:Creating prefix script '/home/mecroka/bumperbot_ws/install/local_setup.ps1'
[3.897s] INFO:colcon.colcon_core.shell:Creating prefix util module '/home/mecroka/bumperbot_ws/install/_local_setup_util_ps1.py'
[3.899s] INFO:colcon.colcon_core.shell:Creating prefix chain script '/home/mecroka/bumperbot_ws/install/setup.ps1'
[3.901s] INFO:colcon.colcon_core.shell:Creating prefix script '/home/mecroka/bumperbot_ws/install/local_setup.sh'
[3.902s] INFO:colcon.colcon_core.shell:Creating prefix util module '/home/mecroka/bumperbot_ws/install/_local_setup_util_sh.py'
[3.905s] INFO:colcon.colcon_core.shell:Creating prefix chain script '/home/mecroka/bumperbot_ws/install/setup.sh'
[3.909s] INFO:colcon.colcon_core.shell:Creating prefix script '/home/mecroka/bumperbot_ws/install/local_setup.bash'
[3.910s] INFO:colcon.colcon_core.shell:Creating prefix chain script '/home/mecroka/bumperbot_ws/install/setup.bash'
[3.911s] INFO:colcon.colcon_core.shell:Creating prefix script '/home/mecroka/bumperbot_ws/install/local_setup.zsh'
[3.914s] INFO:colcon.colcon_core.shell:Creating prefix chain script '/home/mecroka/bumperbot_ws/install/setup.zsh'
