[0.366s] Invoking command in '/home/mecroka/bumperbot_ws/build/bumperbot_description': CMAKE_PREFIX_PATH=${CMAKE_PREFIX_PATH}:/home/mecroka/bumperbot_ws/install/ros_arduino_conn:/home/mecroka/bumperbot_ws/install/arduino_to_node:/home/mecroka/nexus_ws/install/nexus_serial_comm:/opt/ros/jazzy DEBUGINFOD_URLS=https://debuginfod.ubuntu.com /usr/bin/cmake --build /home/mecroka/bumperbot_ws/build/bumperbot_description -- -j4 -l4
[0.731s] Invoked command in '/home/mecroka/bumperbot_ws/build/bumperbot_description' returned '0': CMAKE_PREFIX_PATH=${CMAKE_PREFIX_PATH}:/home/mecroka/bumperbot_ws/install/ros_arduino_conn:/home/mecroka/bumperbot_ws/install/arduino_to_node:/home/mecroka/nexus_ws/install/nexus_serial_comm:/opt/ros/jazzy DEBUGINFOD_URLS=https://debuginfod.ubuntu.com /usr/bin/cmake --build /home/mecroka/bumperbot_ws/build/bumperbot_description -- -j4 -l4
[0.754s] Invoking command in '/home/mecroka/bumperbot_ws/build/bumperbot_description': CMAKE_PREFIX_PATH=${CMAKE_PREFIX_PATH}:/home/mecroka/bumperbot_ws/install/ros_arduino_conn:/home/mecroka/bumperbot_ws/install/arduino_to_node:/home/mecroka/nexus_ws/install/nexus_serial_comm:/opt/ros/jazzy DEBUGINFOD_URLS=https://debuginfod.ubuntu.com /usr/bin/cmake --install /home/mecroka/bumperbot_ws/build/bumperbot_description
[0.788s] -- Install configuration: ""
[0.788s] -- Up-to-date: /home/mecroka/bumperbot_ws/install/bumperbot_description/share/bumperbot_description/meshes
[0.790s] -- Up-to-date: /home/mecroka/bumperbot_ws/install/bumperbot_description/share/bumperbot_description/meshes/mecanum_wheel_right.STL
[0.791s] -- Up-to-date: /home/mecroka/bumperbot_ws/install/bumperbot_description/share/bumperbot_description/meshes/nexus_base_link_collision.STL
[0.791s] -- Up-to-date: /home/mecroka/bumperbot_ws/install/bumperbot_description/share/bumperbot_description/meshes/mecanum_wheel_left.STL
[0.791s] -- Up-to-date: /home/mecroka/bumperbot_ws/install/bumperbot_description/share/bumperbot_description/meshes/urm04.STL
[0.791s] -- Up-to-date: /home/mecroka/bumperbot_ws/install/bumperbot_description/share/bumperbot_description/meshes/nexus_base_link.STL
[0.791s] -- Up-to-date: /home/mecroka/bumperbot_ws/install/bumperbot_description/share/bumperbot_description/meshes/wheel_shaft.STL
[0.791s] -- Up-to-date: /home/mecroka/bumperbot_ws/install/bumperbot_description/share/bumperbot_description/urdf
[0.792s] -- Up-to-date: /home/mecroka/bumperbot_ws/install/bumperbot_description/share/bumperbot_description/urdf/bumperbot_gazebo.xacro
[0.792s] -- Up-to-date: /home/mecroka/bumperbot_ws/install/bumperbot_description/share/bumperbot_description/urdf/bumperbot.urdf.xacro
[0.792s] -- Up-to-date: /home/mecroka/bumperbot_ws/install/bumperbot_description/share/bumperbot_description/urdf/bumperbot_ros2_control.xacro
[0.792s] -- Up-to-date: /home/mecroka/bumperbot_ws/install/bumperbot_description/share/bumperbot_description/launch
[0.792s] -- Up-to-date: /home/mecroka/bumperbot_ws/install/bumperbot_description/share/bumperbot_description/launch/gazebo.launch.py
[0.793s] -- Up-to-date: /home/mecroka/bumperbot_ws/install/bumperbot_description/share/bumperbot_description/launch/display.launch.py
[0.793s] -- Up-to-date: /home/mecroka/bumperbot_ws/install/bumperbot_description/share/bumperbot_description/rviz
[0.793s] -- Up-to-date: /home/mecroka/bumperbot_ws/install/bumperbot_description/share/bumperbot_description/rviz/display.rviz
[0.794s] -- Up-to-date: /home/mecroka/bumperbot_ws/install/bumperbot_description/share/ament_index/resource_index/package_run_dependencies/bumperbot_description
[0.795s] -- Up-to-date: /home/mecroka/bumperbot_ws/install/bumperbot_description/share/ament_index/resource_index/parent_prefix_path/bumperbot_description
[0.795s] -- Up-to-date: /home/mecroka/bumperbot_ws/install/bumperbot_description/share/bumperbot_description/environment/ament_prefix_path.sh
[0.795s] -- Up-to-date: /home/mecroka/bumperbot_ws/install/bumperbot_description/share/bumperbot_description/environment/ament_prefix_path.dsv
[0.795s] -- Up-to-date: /home/mecroka/bumperbot_ws/install/bumperbot_description/share/bumperbot_description/environment/path.sh
[0.796s] -- Up-to-date: /home/mecroka/bumperbot_ws/install/bumperbot_description/share/bumperbot_description/environment/path.dsv
[0.796s] -- Up-to-date: /home/mecroka/bumperbot_ws/install/bumperbot_description/share/bumperbot_description/local_setup.bash
[0.796s] -- Up-to-date: /home/mecroka/bumperbot_ws/install/bumperbot_description/share/bumperbot_description/local_setup.sh
[0.796s] -- Up-to-date: /home/mecroka/bumperbot_ws/install/bumperbot_description/share/bumperbot_description/local_setup.zsh
[0.796s] -- Up-to-date: /home/mecroka/bumperbot_ws/install/bumperbot_description/share/bumperbot_description/local_setup.dsv
[0.796s] -- Installing: /home/mecroka/bumperbot_ws/install/bumperbot_description/share/bumperbot_description/package.dsv
[0.796s] -- Up-to-date: /home/mecroka/bumperbot_ws/install/bumperbot_description/share/ament_index/resource_index/packages/bumperbot_description
[0.797s] -- Up-to-date: /home/mecroka/bumperbot_ws/install/bumperbot_description/share/bumperbot_description/cmake/bumperbot_descriptionConfig.cmake
[0.797s] -- Up-to-date: /home/mecroka/bumperbot_ws/install/bumperbot_description/share/bumperbot_description/cmake/bumperbot_descriptionConfig-version.cmake
[0.797s] -- Up-to-date: /home/mecroka/bumperbot_ws/install/bumperbot_description/share/bumperbot_description/package.xml
[0.801s] Invoked command in '/home/mecroka/bumperbot_ws/build/bumperbot_description' returned '0': CMAKE_PREFIX_PATH=${CMAKE_PREFIX_PATH}:/home/mecroka/bumperbot_ws/install/ros_arduino_conn:/home/mecroka/bumperbot_ws/install/arduino_to_node:/home/mecroka/nexus_ws/install/nexus_serial_comm:/opt/ros/jazzy DEBUGINFOD_URLS=https://debuginfod.ubuntu.com /usr/bin/cmake --install /home/mecroka/bumperbot_ws/build/bumperbot_description
