running develop
Removing /home/mecroka/bumperbot_ws/install/ros_arduino_conn/lib/python3.12/site-packages/ros-arduino-conn.egg-link (link to .)
running egg_info
writing ../../build/ros_arduino_conn/ros_arduino_conn.egg-info/PKG-INFO
writing dependency_links to ../../build/ros_arduino_conn/ros_arduino_conn.egg-info/dependency_links.txt
writing entry points to ../../build/ros_arduino_conn/ros_arduino_conn.egg-info/entry_points.txt
writing requirements to ../../build/ros_arduino_conn/ros_arduino_conn.egg-info/requires.txt
writing top-level names to ../../build/ros_arduino_conn/ros_arduino_conn.egg-info/top_level.txt
reading manifest file '../../build/ros_arduino_conn/ros_arduino_conn.egg-info/SOURCES.txt'
writing manifest file '../../build/ros_arduino_conn/ros_arduino_conn.egg-info/SOURCES.txt'
running build
running build_py
copying ros_arduino_conn/move_robot_node.py -> /home/mecroka/bumperbot_ws/build/ros_arduino_conn/build/lib/ros_arduino_conn
copying ros_arduino_conn/serial_conn_node.py -> /home/mecroka/bumperbot_ws/build/ros_arduino_conn/build/lib/ros_arduino_conn
running install
running install_lib
copying /home/mecroka/bumperbot_ws/build/ros_arduino_conn/build/lib/ros_arduino_conn/__init__.py -> /home/mecroka/bumperbot_ws/install/ros_arduino_conn/lib/python3.12/site-packages/ros_arduino_conn
copying /home/mecroka/bumperbot_ws/build/ros_arduino_conn/build/lib/ros_arduino_conn/move_robot_node.py -> /home/mecroka/bumperbot_ws/install/ros_arduino_conn/lib/python3.12/site-packages/ros_arduino_conn
copying /home/mecroka/bumperbot_ws/build/ros_arduino_conn/build/lib/ros_arduino_conn/serial_conn_node.py -> /home/mecroka/bumperbot_ws/install/ros_arduino_conn/lib/python3.12/site-packages/ros_arduino_conn
copying /home/mecroka/bumperbot_ws/build/ros_arduino_conn/build/lib/ros_arduino_conn/cmd_vel_to_serial.py -> /home/mecroka/bumperbot_ws/install/ros_arduino_conn/lib/python3.12/site-packages/ros_arduino_conn
byte-compiling /home/mecroka/bumperbot_ws/install/ros_arduino_conn/lib/python3.12/site-packages/ros_arduino_conn/__init__.py to __init__.cpython-312.pyc
byte-compiling /home/mecroka/bumperbot_ws/install/ros_arduino_conn/lib/python3.12/site-packages/ros_arduino_conn/move_robot_node.py to move_robot_node.cpython-312.pyc
byte-compiling /home/mecroka/bumperbot_ws/install/ros_arduino_conn/lib/python3.12/site-packages/ros_arduino_conn/serial_conn_node.py to serial_conn_node.cpython-312.pyc
byte-compiling /home/mecroka/bumperbot_ws/install/ros_arduino_conn/lib/python3.12/site-packages/ros_arduino_conn/cmd_vel_to_serial.py to cmd_vel_to_serial.cpython-312.pyc
running install_data
copying resource/ros_arduino_conn -> /home/mecroka/bumperbot_ws/install/ros_arduino_conn/share/ament_index/resource_index/packages
copying package.xml -> /home/mecroka/bumperbot_ws/install/ros_arduino_conn/share/ros_arduino_conn
copying launch/cmd_vel_to_serial.launch.py -> /home/mecroka/bumperbot_ws/install/ros_arduino_conn/share/ros_arduino_conn/launch
running install_egg_info
Copying ../../build/ros_arduino_conn/ros_arduino_conn.egg-info to /home/mecroka/bumperbot_ws/install/ros_arduino_conn/lib/python3.12/site-packages/ros_arduino_conn-0.0.0-py3.12.egg-info
running install_scripts
Installing cmd_vel_to_serial script to /home/mecroka/bumperbot_ws/install/ros_arduino_conn/lib/ros_arduino_conn
Installing move_robot_node script to /home/mecroka/bumperbot_ws/install/ros_arduino_conn/lib/ros_arduino_conn
Installing serial_conn_node script to /home/mecroka/bumperbot_ws/install/ros_arduino_conn/lib/ros_arduino_conn
writing list of installed files to '/home/mecroka/bumperbot_ws/build/ros_arduino_conn/install.log'
