[1.302s] Invoking command in '/home/mecroka/bumperbot_ws/build/ros_arduino_conn': DEBUGINFOD_URLS=https://debuginfod.ubuntu.com PYTHONPATH=/home/mecroka/bumperbot_ws/build/ros_arduino_conn/prefix_override:/usr/lib/python3/dist-packages/colcon_core/task/python/colcon_distutils_commands:/home/mecroka/bumperbot_ws/install/ros_arduino_conn/lib/python3.12/site-packages:${PYTHONPATH} /usr/bin/python3 -W ignore:setup.py install is deprecated -W ignore:easy_install command is deprecated setup.py develop --editable --build-directory /home/mecroka/bumperbot_ws/build/ros_arduino_conn/build --no-deps symlink_data
[1.789s] running develop
[2.088s] running egg_info
[2.118s] writing ros_arduino_conn.egg-info/PKG-INFO
[2.118s] writing dependency_links to ros_arduino_conn.egg-info/dependency_links.txt
[2.119s] writing entry points to ros_arduino_conn.egg-info/entry_points.txt
[2.120s] writing requirements to ros_arduino_conn.egg-info/requires.txt
[2.121s] writing top-level names to ros_arduino_conn.egg-info/top_level.txt
[2.180s] reading manifest file 'ros_arduino_conn.egg-info/SOURCES.txt'
[2.181s] writing manifest file 'ros_arduino_conn.egg-info/SOURCES.txt'
[2.212s] running build_ext
[2.212s] Creating /home/mecroka/bumperbot_ws/install/ros_arduino_conn/lib/python3.12/site-packages/ros-arduino-conn.egg-link (link to .)
[2.213s] Installing cmd_vel_to_serial script to /home/mecroka/bumperbot_ws/install/ros_arduino_conn/lib/ros_arduino_conn
[2.213s] Installing move_robot_node script to /home/mecroka/bumperbot_ws/install/ros_arduino_conn/lib/ros_arduino_conn
[2.213s] Installing odom_nexus_node script to /home/mecroka/bumperbot_ws/install/ros_arduino_conn/lib/ros_arduino_conn
[2.214s] Installing serial_conn_node script to /home/mecroka/bumperbot_ws/install/ros_arduino_conn/lib/ros_arduino_conn
[2.214s] Installing twist_nexus_node script to /home/mecroka/bumperbot_ws/install/ros_arduino_conn/lib/ros_arduino_conn
[2.214s] 
[2.214s] Installed /home/mecroka/bumperbot_ws/build/ros_arduino_conn
[2.214s] running symlink_data
[2.312s] Invoked command in '/home/mecroka/bumperbot_ws/build/ros_arduino_conn' returned '0': DEBUGINFOD_URLS=https://debuginfod.ubuntu.com PYTHONPATH=/home/mecroka/bumperbot_ws/build/ros_arduino_conn/prefix_override:/usr/lib/python3/dist-packages/colcon_core/task/python/colcon_distutils_commands:/home/mecroka/bumperbot_ws/install/ros_arduino_conn/lib/python3.12/site-packages:${PYTHONPATH} /usr/bin/python3 -W ignore:setup.py install is deprecated -W ignore:easy_install command is deprecated setup.py develop --editable --build-directory /home/mecroka/bumperbot_ws/build/ros_arduino_conn/build --no-deps symlink_data
