[1.290s] Invoking command in '/home/mecroka/bumperbot_ws/build/ros_arduino_conn': DEBUGINFOD_URLS=https://debuginfod.ubuntu.com PYTHONPATH=/home/mecroka/bumperbot_ws/build/ros_arduino_conn/prefix_override:/usr/lib/python3/dist-packages/colcon_core/task/python/colcon_distutils_commands:/home/mecroka/bumperbot_ws/install/ros_arduino_conn/lib/python3.12/site-packages:${PYTHONPATH} /usr/bin/python3 -W ignore:setup.py install is deprecated -W ignore:easy_install command is deprecated setup.py develop --editable --build-directory /home/mecroka/bumperbot_ws/build/ros_arduino_conn/build --no-deps symlink_data
[1.784s] running develop
[2.084s] running egg_info
[2.113s] writing ros_arduino_conn.egg-info/PKG-INFO
[2.114s] writing dependency_links to ros_arduino_conn.egg-info/dependency_links.txt
[2.115s] writing entry points to ros_arduino_conn.egg-info/entry_points.txt
[2.116s] writing requirements to ros_arduino_conn.egg-info/requires.txt
[2.117s] writing top-level names to ros_arduino_conn.egg-info/top_level.txt
[2.175s] reading manifest file 'ros_arduino_conn.egg-info/SOURCES.txt'
[2.177s] writing manifest file 'ros_arduino_conn.egg-info/SOURCES.txt'
[2.207s] running build_ext
[2.208s] Creating /home/mecroka/bumperbot_ws/install/ros_arduino_conn/lib/python3.12/site-packages/ros-arduino-conn.egg-link (link to .)
[2.209s] Installing cmd_vel_to_serial script to /home/mecroka/bumperbot_ws/install/ros_arduino_conn/lib/ros_arduino_conn
[2.209s] Installing move_robot_node script to /home/mecroka/bumperbot_ws/install/ros_arduino_conn/lib/ros_arduino_conn
[2.209s] Installing odom_nexus_node script to /home/mecroka/bumperbot_ws/install/ros_arduino_conn/lib/ros_arduino_conn
[2.209s] Installing serial_conn_node script to /home/mecroka/bumperbot_ws/install/ros_arduino_conn/lib/ros_arduino_conn
[2.209s] Installing twist_nexus_node script to /home/mecroka/bumperbot_ws/install/ros_arduino_conn/lib/ros_arduino_conn
[2.210s] 
[2.210s] Installed /home/mecroka/bumperbot_ws/build/ros_arduino_conn
[2.210s] running symlink_data
[2.309s] Invoked command in '/home/mecroka/bumperbot_ws/build/ros_arduino_conn' returned '0': DEBUGINFOD_URLS=https://debuginfod.ubuntu.com PYTHONPATH=/home/mecroka/bumperbot_ws/build/ros_arduino_conn/prefix_override:/usr/lib/python3/dist-packages/colcon_core/task/python/colcon_distutils_commands:/home/mecroka/bumperbot_ws/install/ros_arduino_conn/lib/python3.12/site-packages:${PYTHONPATH} /usr/bin/python3 -W ignore:setup.py install is deprecated -W ignore:easy_install command is deprecated setup.py develop --editable --build-directory /home/mecroka/bumperbot_ws/build/ros_arduino_conn/build --no-deps symlink_data
