[0.666s] DEBUG:colcon:Command line arguments: ['/usr/bin/colcon', 'build']
[0.666s] DEBUG:colcon:Parsed command line arguments: Namespace(log_base=None, log_level=None, verb_name='build', build_base='build', install_base='install', merge_install=False, symlink_install=False, test_result_base=None, continue_on_error=False, executor='parallel', parallel_workers=4, event_handlers=None, ignore_user_meta=False, metas=['./colcon.meta'], base_paths=['.'], packages_ignore=None, packages_ignore_regex=None, paths=None, packages_up_to=None, packages_up_to_regex=None, packages_above=None, packages_above_and_dependencies=None, packages_above_depth=None, packages_select_by_dep=None, packages_skip_by_dep=None, packages_skip_up_to=None, packages_select_build_failed=False, packages_skip_build_finished=False, packages_select_test_failures=False, packages_skip_test_passed=False, packages_select=None, packages_skip=None, packages_select_regex=None, packages_skip_regex=None, packages_start=None, packages_end=None, allow_overriding=[], cmake_args=None, cmake_target=None, cmake_target_skip_unavailable=False, cmake_clean_cache=False, cmake_clean_first=False, cmake_force_configure=False, ament_cmake_args=None, catkin_cmake_args=None, catkin_skip_building_tests=False, mixin_files=None, mixin=None, verb_parser=<colcon_mixin.mixin.mixin_argument.MixinArgumentDecorator object at 0xffff820e9b80>, verb_extension=<colcon_core.verb.build.BuildVerb object at 0xffff820e9880>, main=<bound method BuildVerb.main of <colcon_core.verb.build.BuildVerb object at 0xffff820e9880>>, mixin_verb=('build',))
[0.792s] Level 1:colcon.colcon_core.package_discovery:discover_packages(colcon_meta) check parameters
[0.792s] Level 1:colcon.colcon_core.package_discovery:discover_packages(recursive) check parameters
[0.792s] Level 1:colcon.colcon_core.package_discovery:discover_packages(ignore) check parameters
[0.792s] Level 1:colcon.colcon_core.package_discovery:discover_packages(path) check parameters
[0.792s] Level 1:colcon.colcon_core.package_discovery:discover_packages(colcon_meta) discover
[0.792s] Level 1:colcon.colcon_core.package_discovery:discover_packages(recursive) discover
[0.792s] INFO:colcon.colcon_core.package_discovery:Crawling recursively for packages in '/home/mecroka/bumperbot_ws'
[0.792s] Level 1:colcon.colcon_core.package_identification:_identify(.) by extensions ['ignore', 'ignore_ament_install']
[0.793s] Level 1:colcon.colcon_core.package_identification:_identify(.) by extension 'ignore'
[0.793s] Level 1:colcon.colcon_core.package_identification:_identify(.) by extension 'ignore_ament_install'
[0.793s] Level 1:colcon.colcon_core.package_identification:_identify(.) by extensions ['colcon_pkg']
[0.793s] Level 1:colcon.colcon_core.package_identification:_identify(.) by extension 'colcon_pkg'
[0.793s] Level 1:colcon.colcon_core.package_identification:_identify(.) by extensions ['colcon_meta']
[0.793s] Level 1:colcon.colcon_core.package_identification:_identify(.) by extension 'colcon_meta'
[0.793s] Level 1:colcon.colcon_core.package_identification:_identify(.) by extensions ['ros']
[0.793s] Level 1:colcon.colcon_core.package_identification:_identify(.) by extension 'ros'
[0.835s] Level 1:colcon.colcon_core.package_identification:_identify(.) by extensions ['cmake', 'python']
[0.835s] Level 1:colcon.colcon_core.package_identification:_identify(.) by extension 'cmake'
[0.835s] Level 1:colcon.colcon_core.package_identification:_identify(.) by extension 'python'
[0.835s] Level 1:colcon.colcon_core.package_identification:_identify(.) by extensions ['python_setup_py']
[0.835s] Level 1:colcon.colcon_core.package_identification:_identify(.) by extension 'python_setup_py'
[0.835s] Level 1:colcon.colcon_core.package_identification:_identify(build) by extensions ['ignore', 'ignore_ament_install']
[0.835s] Level 1:colcon.colcon_core.package_identification:_identify(build) by extension 'ignore'
[0.835s] Level 1:colcon.colcon_core.package_identification:_identify(build) ignored
[0.836s] Level 1:colcon.colcon_core.package_identification:_identify(install) by extensions ['ignore', 'ignore_ament_install']
[0.836s] Level 1:colcon.colcon_core.package_identification:_identify(install) by extension 'ignore'
[0.836s] Level 1:colcon.colcon_core.package_identification:_identify(install) ignored
[0.836s] Level 1:colcon.colcon_core.package_identification:_identify(log) by extensions ['ignore', 'ignore_ament_install']
[0.836s] Level 1:colcon.colcon_core.package_identification:_identify(log) by extension 'ignore'
[0.836s] Level 1:colcon.colcon_core.package_identification:_identify(log) ignored
[0.837s] Level 1:colcon.colcon_core.package_identification:_identify(src) by extensions ['ignore', 'ignore_ament_install']
[0.837s] Level 1:colcon.colcon_core.package_identification:_identify(src) by extension 'ignore'
[0.837s] Level 1:colcon.colcon_core.package_identification:_identify(src) by extension 'ignore_ament_install'
[0.837s] Level 1:colcon.colcon_core.package_identification:_identify(src) by extensions ['colcon_pkg']
[0.837s] Level 1:colcon.colcon_core.package_identification:_identify(src) by extension 'colcon_pkg'
[0.837s] Level 1:colcon.colcon_core.package_identification:_identify(src) by extensions ['colcon_meta']
[0.837s] Level 1:colcon.colcon_core.package_identification:_identify(src) by extension 'colcon_meta'
[0.837s] Level 1:colcon.colcon_core.package_identification:_identify(src) by extensions ['ros']
[0.837s] Level 1:colcon.colcon_core.package_identification:_identify(src) by extension 'ros'
[0.837s] Level 1:colcon.colcon_core.package_identification:_identify(src) by extensions ['cmake', 'python']
[0.837s] Level 1:colcon.colcon_core.package_identification:_identify(src) by extension 'cmake'
[0.837s] Level 1:colcon.colcon_core.package_identification:_identify(src) by extension 'python'
[0.837s] Level 1:colcon.colcon_core.package_identification:_identify(src) by extensions ['python_setup_py']
[0.837s] Level 1:colcon.colcon_core.package_identification:_identify(src) by extension 'python_setup_py'
[0.838s] Level 1:colcon.colcon_core.package_identification:_identify(src/arduino_to_node) by extensions ['ignore', 'ignore_ament_install']
[0.838s] Level 1:colcon.colcon_core.package_identification:_identify(src/arduino_to_node) by extension 'ignore'
[0.838s] Level 1:colcon.colcon_core.package_identification:_identify(src/arduino_to_node) by extension 'ignore_ament_install'
[0.838s] Level 1:colcon.colcon_core.package_identification:_identify(src/arduino_to_node) by extensions ['colcon_pkg']
[0.838s] Level 1:colcon.colcon_core.package_identification:_identify(src/arduino_to_node) by extension 'colcon_pkg'
[0.838s] Level 1:colcon.colcon_core.package_identification:_identify(src/arduino_to_node) by extensions ['colcon_meta']
[0.838s] Level 1:colcon.colcon_core.package_identification:_identify(src/arduino_to_node) by extension 'colcon_meta'
[0.838s] Level 1:colcon.colcon_core.package_identification:_identify(src/arduino_to_node) by extensions ['ros']
[0.838s] Level 1:colcon.colcon_core.package_identification:_identify(src/arduino_to_node) by extension 'ros'
[0.844s] DEBUG:colcon.colcon_core.package_identification:Package 'src/arduino_to_node' with type 'ros.ament_python' and name 'arduino_to_node'
[0.844s] Level 1:colcon.colcon_core.package_identification:_identify(src/bumperbot_description) by extensions ['ignore', 'ignore_ament_install']
[0.844s] Level 1:colcon.colcon_core.package_identification:_identify(src/bumperbot_description) by extension 'ignore'
[0.844s] Level 1:colcon.colcon_core.package_identification:_identify(src/bumperbot_description) by extension 'ignore_ament_install'
[0.845s] Level 1:colcon.colcon_core.package_identification:_identify(src/bumperbot_description) by extensions ['colcon_pkg']
[0.845s] Level 1:colcon.colcon_core.package_identification:_identify(src/bumperbot_description) by extension 'colcon_pkg'
[0.845s] Level 1:colcon.colcon_core.package_identification:_identify(src/bumperbot_description) by extensions ['colcon_meta']
[0.845s] Level 1:colcon.colcon_core.package_identification:_identify(src/bumperbot_description) by extension 'colcon_meta'
[0.845s] Level 1:colcon.colcon_core.package_identification:_identify(src/bumperbot_description) by extensions ['ros']
[0.845s] Level 1:colcon.colcon_core.package_identification:_identify(src/bumperbot_description) by extension 'ros'
[0.850s] DEBUG:colcon.colcon_core.package_identification:Package 'src/bumperbot_description' with type 'ros.ament_cmake' and name 'bumperbot_description'
[0.851s] Level 1:colcon.colcon_core.package_identification:_identify(src/ros_arduino_conn) by extensions ['ignore', 'ignore_ament_install']
[0.851s] Level 1:colcon.colcon_core.package_identification:_identify(src/ros_arduino_conn) by extension 'ignore'
[0.851s] Level 1:colcon.colcon_core.package_identification:_identify(src/ros_arduino_conn) by extension 'ignore_ament_install'
[0.852s] Level 1:colcon.colcon_core.package_identification:_identify(src/ros_arduino_conn) by extensions ['colcon_pkg']
[0.852s] Level 1:colcon.colcon_core.package_identification:_identify(src/ros_arduino_conn) by extension 'colcon_pkg'
[0.852s] Level 1:colcon.colcon_core.package_identification:_identify(src/ros_arduino_conn) by extensions ['colcon_meta']
[0.852s] Level 1:colcon.colcon_core.package_identification:_identify(src/ros_arduino_conn) by extension 'colcon_meta'
[0.852s] Level 1:colcon.colcon_core.package_identification:_identify(src/ros_arduino_conn) by extensions ['ros']
[0.852s] Level 1:colcon.colcon_core.package_identification:_identify(src/ros_arduino_conn) by extension 'ros'
[0.853s] DEBUG:colcon.colcon_core.package_identification:Package 'src/ros_arduino_conn' with type 'ros.ament_python' and name 'ros_arduino_conn'
[0.853s] Level 1:colcon.colcon_core.package_discovery:discover_packages(recursive) using defaults
[0.853s] Level 1:colcon.colcon_core.package_discovery:discover_packages(ignore) discover
[0.853s] Level 1:colcon.colcon_core.package_discovery:discover_packages(ignore) using defaults
[0.853s] Level 1:colcon.colcon_core.package_discovery:discover_packages(path) discover
[0.853s] Level 1:colcon.colcon_core.package_discovery:discover_packages(path) using defaults
[0.900s] Level 1:colcon.colcon_core.package_discovery:discover_packages(prefix_path) check parameters
[0.900s] Level 1:colcon.colcon_core.package_discovery:discover_packages(prefix_path) discover
[0.906s] DEBUG:colcon.colcon_installed_package_information.package_discovery:Found 3 installed packages in /home/mecroka/bumperbot_ws/install
[0.907s] DEBUG:colcon.colcon_installed_package_information.package_discovery:Found 1 installed packages in /home/mecroka/nexus_ws/install
[0.910s] DEBUG:colcon.colcon_installed_package_information.package_discovery:Found 342 installed packages in /opt/ros/jazzy
[0.913s] Level 1:colcon.colcon_core.package_discovery:discover_packages(prefix_path) using defaults
[0.990s] Level 5:colcon.colcon_core.verb:set package 'arduino_to_node' build argument 'cmake_args' from command line to 'None'
[0.991s] Level 5:colcon.colcon_core.verb:set package 'arduino_to_node' build argument 'cmake_target' from command line to 'None'
[0.991s] Level 5:colcon.colcon_core.verb:set package 'arduino_to_node' build argument 'cmake_target_skip_unavailable' from command line to 'False'
[0.991s] Level 5:colcon.colcon_core.verb:set package 'arduino_to_node' build argument 'cmake_clean_cache' from command line to 'False'
[0.991s] Level 5:colcon.colcon_core.verb:set package 'arduino_to_node' build argument 'cmake_clean_first' from command line to 'False'
[0.991s] Level 5:colcon.colcon_core.verb:set package 'arduino_to_node' build argument 'cmake_force_configure' from command line to 'False'
[0.991s] Level 5:colcon.colcon_core.verb:set package 'arduino_to_node' build argument 'ament_cmake_args' from command line to 'None'
[0.991s] Level 5:colcon.colcon_core.verb:set package 'arduino_to_node' build argument 'catkin_cmake_args' from command line to 'None'
[0.991s] Level 5:colcon.colcon_core.verb:set package 'arduino_to_node' build argument 'catkin_skip_building_tests' from command line to 'False'
[0.991s] DEBUG:colcon.colcon_core.verb:Building package 'arduino_to_node' with the following arguments: {'ament_cmake_args': None, 'build_base': '/home/mecroka/bumperbot_ws/build/arduino_to_node', 'catkin_cmake_args': None, 'catkin_skip_building_tests': False, 'cmake_args': None, 'cmake_clean_cache': False, 'cmake_clean_first': False, 'cmake_force_configure': False, 'cmake_target': None, 'cmake_target_skip_unavailable': False, 'install_base': '/home/mecroka/bumperbot_ws/install/arduino_to_node', 'merge_install': False, 'path': '/home/mecroka/bumperbot_ws/src/arduino_to_node', 'symlink_install': False, 'test_result_base': None}
[0.991s] Level 5:colcon.colcon_core.verb:set package 'bumperbot_description' build argument 'cmake_args' from command line to 'None'
[0.991s] Level 5:colcon.colcon_core.verb:set package 'bumperbot_description' build argument 'cmake_target' from command line to 'None'
[0.991s] Level 5:colcon.colcon_core.verb:set package 'bumperbot_description' build argument 'cmake_target_skip_unavailable' from command line to 'False'
[0.991s] Level 5:colcon.colcon_core.verb:set package 'bumperbot_description' build argument 'cmake_clean_cache' from command line to 'False'
[0.991s] Level 5:colcon.colcon_core.verb:set package 'bumperbot_description' build argument 'cmake_clean_first' from command line to 'False'
[0.991s] Level 5:colcon.colcon_core.verb:set package 'bumperbot_description' build argument 'cmake_force_configure' from command line to 'False'
[0.991s] Level 5:colcon.colcon_core.verb:set package 'bumperbot_description' build argument 'ament_cmake_args' from command line to 'None'
[0.991s] Level 5:colcon.colcon_core.verb:set package 'bumperbot_description' build argument 'catkin_cmake_args' from command line to 'None'
[0.991s] Level 5:colcon.colcon_core.verb:set package 'bumperbot_description' build argument 'catkin_skip_building_tests' from command line to 'False'
[0.991s] DEBUG:colcon.colcon_core.verb:Building package 'bumperbot_description' with the following arguments: {'ament_cmake_args': None, 'build_base': '/home/mecroka/bumperbot_ws/build/bumperbot_description', 'catkin_cmake_args': None, 'catkin_skip_building_tests': False, 'cmake_args': None, 'cmake_clean_cache': False, 'cmake_clean_first': False, 'cmake_force_configure': False, 'cmake_target': None, 'cmake_target_skip_unavailable': False, 'install_base': '/home/mecroka/bumperbot_ws/install/bumperbot_description', 'merge_install': False, 'path': '/home/mecroka/bumperbot_ws/src/bumperbot_description', 'symlink_install': False, 'test_result_base': None}
[0.992s] Level 5:colcon.colcon_core.verb:set package 'ros_arduino_conn' build argument 'cmake_args' from command line to 'None'
[0.992s] Level 5:colcon.colcon_core.verb:set package 'ros_arduino_conn' build argument 'cmake_target' from command line to 'None'
[0.992s] Level 5:colcon.colcon_core.verb:set package 'ros_arduino_conn' build argument 'cmake_target_skip_unavailable' from command line to 'False'
[0.992s] Level 5:colcon.colcon_core.verb:set package 'ros_arduino_conn' build argument 'cmake_clean_cache' from command line to 'False'
[0.992s] Level 5:colcon.colcon_core.verb:set package 'ros_arduino_conn' build argument 'cmake_clean_first' from command line to 'False'
[0.992s] Level 5:colcon.colcon_core.verb:set package 'ros_arduino_conn' build argument 'cmake_force_configure' from command line to 'False'
[0.992s] Level 5:colcon.colcon_core.verb:set package 'ros_arduino_conn' build argument 'ament_cmake_args' from command line to 'None'
[0.992s] Level 5:colcon.colcon_core.verb:set package 'ros_arduino_conn' build argument 'catkin_cmake_args' from command line to 'None'
[0.992s] Level 5:colcon.colcon_core.verb:set package 'ros_arduino_conn' build argument 'catkin_skip_building_tests' from command line to 'False'
[0.992s] DEBUG:colcon.colcon_core.verb:Building package 'ros_arduino_conn' with the following arguments: {'ament_cmake_args': None, 'build_base': '/home/mecroka/bumperbot_ws/build/ros_arduino_conn', 'catkin_cmake_args': None, 'catkin_skip_building_tests': False, 'cmake_args': None, 'cmake_clean_cache': False, 'cmake_clean_first': False, 'cmake_force_configure': False, 'cmake_target': None, 'cmake_target_skip_unavailable': False, 'install_base': '/home/mecroka/bumperbot_ws/install/ros_arduino_conn', 'merge_install': False, 'path': '/home/mecroka/bumperbot_ws/src/ros_arduino_conn', 'symlink_install': False, 'test_result_base': None}
[0.992s] INFO:colcon.colcon_core.executor:Executing jobs using 'parallel' executor
[0.993s] DEBUG:colcon.colcon_parallel_executor.executor.parallel:run_until_complete
[0.994s] INFO:colcon.colcon_ros.task.ament_python.build:Building ROS package in '/home/mecroka/bumperbot_ws/src/arduino_to_node' with build type 'ament_python'
[0.994s] Level 1:colcon.colcon_core.shell:create_environment_hook('arduino_to_node', 'ament_prefix_path')
[1.004s] INFO:colcon.colcon_core.plugin_system:Skipping extension 'colcon_core.shell.bat': Not used on non-Windows systems
[1.004s] INFO:colcon.colcon_core.shell:Creating environment hook '/home/mecroka/bumperbot_ws/install/arduino_to_node/share/arduino_to_node/hook/ament_prefix_path.ps1'
[1.006s] INFO:colcon.colcon_core.shell:Creating environment descriptor '/home/mecroka/bumperbot_ws/install/arduino_to_node/share/arduino_to_node/hook/ament_prefix_path.dsv'
[1.007s] INFO:colcon.colcon_core.shell:Creating environment hook '/home/mecroka/bumperbot_ws/install/arduino_to_node/share/arduino_to_node/hook/ament_prefix_path.sh'
[1.009s] INFO:colcon.colcon_core.shell:Skip shell extension 'powershell' for command environment: Not usable outside of PowerShell
[1.009s] DEBUG:colcon.colcon_core.shell:Skip shell extension 'dsv' for command environment
[1.016s] INFO:colcon.colcon_ros.task.ament_cmake.build:Building ROS package in '/home/mecroka/bumperbot_ws/src/bumperbot_description' with build type 'ament_cmake'
[1.016s] INFO:colcon.colcon_cmake.task.cmake.build:Building CMake package in '/home/mecroka/bumperbot_ws/src/bumperbot_description'
[1.017s] INFO:colcon.colcon_core.shell:Skip shell extension 'powershell' for command environment: Not usable outside of PowerShell
[1.017s] DEBUG:colcon.colcon_core.shell:Skip shell extension 'dsv' for command environment
[1.023s] INFO:colcon.colcon_ros.task.ament_python.build:Building ROS package in '/home/mecroka/bumperbot_ws/src/ros_arduino_conn' with build type 'ament_python'
[1.024s] Level 1:colcon.colcon_core.shell:create_environment_hook('ros_arduino_conn', 'ament_prefix_path')
[1.024s] INFO:colcon.colcon_core.shell:Creating environment hook '/home/mecroka/bumperbot_ws/install/ros_arduino_conn/share/ros_arduino_conn/hook/ament_prefix_path.ps1'
[1.025s] INFO:colcon.colcon_core.shell:Creating environment descriptor '/home/mecroka/bumperbot_ws/install/ros_arduino_conn/share/ros_arduino_conn/hook/ament_prefix_path.dsv'
[1.026s] INFO:colcon.colcon_core.shell:Creating environment hook '/home/mecroka/bumperbot_ws/install/ros_arduino_conn/share/ros_arduino_conn/hook/ament_prefix_path.sh'
[1.027s] INFO:colcon.colcon_core.shell:Skip shell extension 'powershell' for command environment: Not usable outside of PowerShell
[1.027s] DEBUG:colcon.colcon_core.shell:Skip shell extension 'dsv' for command environment
[1.369s] INFO:colcon.colcon_core.task.python.build:Building Python package in '/home/mecroka/bumperbot_ws/src/arduino_to_node'
[1.369s] INFO:colcon.colcon_core.shell:Skip shell extension 'powershell' for command environment: Not usable outside of PowerShell
[1.369s] DEBUG:colcon.colcon_core.shell:Skip shell extension 'dsv' for command environment
[1.383s] DEBUG:colcon.colcon_core.event_handler.log_command:Invoking command in '/home/mecroka/bumperbot_ws/build/bumperbot_description': CMAKE_PREFIX_PATH=${CMAKE_PREFIX_PATH}:/home/mecroka/bumperbot_ws/install/ros_arduino_conn:/home/mecroka/bumperbot_ws/install/arduino_to_node:/home/mecroka/nexus_ws/install/nexus_serial_comm:/opt/ros/jazzy DEBUGINFOD_URLS=https://debuginfod.ubuntu.com /usr/bin/cmake --build /home/mecroka/bumperbot_ws/build/bumperbot_description -- -j4 -l4
[1.735s] INFO:colcon.colcon_core.task.python.build:Building Python package in '/home/mecroka/bumperbot_ws/src/ros_arduino_conn'
[1.735s] INFO:colcon.colcon_core.shell:Skip shell extension 'powershell' for command environment: Not usable outside of PowerShell
[1.735s] DEBUG:colcon.colcon_core.shell:Skip shell extension 'dsv' for command environment
[1.747s] DEBUG:colcon.colcon_core.event_handler.log_command:Invoked command in '/home/mecroka/bumperbot_ws/build/bumperbot_description' returned '0': CMAKE_PREFIX_PATH=${CMAKE_PREFIX_PATH}:/home/mecroka/bumperbot_ws/install/ros_arduino_conn:/home/mecroka/bumperbot_ws/install/arduino_to_node:/home/mecroka/nexus_ws/install/nexus_serial_comm:/opt/ros/jazzy DEBUGINFOD_URLS=https://debuginfod.ubuntu.com /usr/bin/cmake --build /home/mecroka/bumperbot_ws/build/bumperbot_description -- -j4 -l4
[1.771s] DEBUG:colcon.colcon_core.event_handler.log_command:Invoking command in '/home/mecroka/bumperbot_ws/build/bumperbot_description': CMAKE_PREFIX_PATH=${CMAKE_PREFIX_PATH}:/home/mecroka/bumperbot_ws/install/ros_arduino_conn:/home/mecroka/bumperbot_ws/install/arduino_to_node:/home/mecroka/nexus_ws/install/nexus_serial_comm:/opt/ros/jazzy DEBUGINFOD_URLS=https://debuginfod.ubuntu.com /usr/bin/cmake --install /home/mecroka/bumperbot_ws/build/bumperbot_description
[1.816s] Level 1:colcon.colcon_core.environment:create_environment_scripts_only(bumperbot_description)
[1.817s] DEBUG:colcon.colcon_core.event_handler.log_command:Invoked command in '/home/mecroka/bumperbot_ws/build/bumperbot_description' returned '0': CMAKE_PREFIX_PATH=${CMAKE_PREFIX_PATH}:/home/mecroka/bumperbot_ws/install/ros_arduino_conn:/home/mecroka/bumperbot_ws/install/arduino_to_node:/home/mecroka/nexus_ws/install/nexus_serial_comm:/opt/ros/jazzy DEBUGINFOD_URLS=https://debuginfod.ubuntu.com /usr/bin/cmake --install /home/mecroka/bumperbot_ws/build/bumperbot_description
[1.830s] Level 1:colcon.colcon_core.environment:checking '/home/mecroka/bumperbot_ws/install/bumperbot_description' for CMake module files
[1.831s] Level 1:colcon.colcon_core.environment:checking '/home/mecroka/bumperbot_ws/install/bumperbot_description' for CMake config files
[1.832s] Level 1:colcon.colcon_core.shell:create_environment_hook('bumperbot_description', 'cmake_prefix_path')
[1.832s] INFO:colcon.colcon_core.shell:Creating environment hook '/home/mecroka/bumperbot_ws/install/bumperbot_description/share/bumperbot_description/hook/cmake_prefix_path.ps1'
[1.833s] INFO:colcon.colcon_core.shell:Creating environment descriptor '/home/mecroka/bumperbot_ws/install/bumperbot_description/share/bumperbot_description/hook/cmake_prefix_path.dsv'
[1.834s] INFO:colcon.colcon_core.shell:Creating environment hook '/home/mecroka/bumperbot_ws/install/bumperbot_description/share/bumperbot_description/hook/cmake_prefix_path.sh'
[1.835s] Level 1:colcon.colcon_core.environment:checking '/home/mecroka/bumperbot_ws/install/bumperbot_description/bin'
[1.835s] Level 1:colcon.colcon_core.environment:checking '/home/mecroka/bumperbot_ws/install/bumperbot_description/lib/pkgconfig/bumperbot_description.pc'
[1.835s] Level 1:colcon.colcon_core.environment:checking '/home/mecroka/bumperbot_ws/install/bumperbot_description/lib/python3.12/site-packages'
[1.836s] Level 1:colcon.colcon_core.environment:checking '/home/mecroka/bumperbot_ws/install/bumperbot_description/bin'
[1.836s] INFO:colcon.colcon_core.shell:Creating package script '/home/mecroka/bumperbot_ws/install/bumperbot_description/share/bumperbot_description/package.ps1'
[1.838s] INFO:colcon.colcon_core.shell:Creating package descriptor '/home/mecroka/bumperbot_ws/install/bumperbot_description/share/bumperbot_description/package.dsv'
[1.840s] INFO:colcon.colcon_core.shell:Creating package script '/home/mecroka/bumperbot_ws/install/bumperbot_description/share/bumperbot_description/package.sh'
[1.843s] INFO:colcon.colcon_core.shell:Creating package script '/home/mecroka/bumperbot_ws/install/bumperbot_description/share/bumperbot_description/package.bash'
[1.845s] INFO:colcon.colcon_core.shell:Creating package script '/home/mecroka/bumperbot_ws/install/bumperbot_description/share/bumperbot_description/package.zsh'
[1.849s] Level 1:colcon.colcon_core.environment:create_file_with_runtime_dependencies(/home/mecroka/bumperbot_ws/install/bumperbot_description/share/colcon-core/packages/bumperbot_description)
[1.851s] Level 1:colcon.colcon_core.environment:create_environment_scripts_only(bumperbot_description)
[1.851s] Level 1:colcon.colcon_core.environment:checking '/home/mecroka/bumperbot_ws/install/bumperbot_description' for CMake module files
[1.852s] Level 1:colcon.colcon_core.environment:checking '/home/mecroka/bumperbot_ws/install/bumperbot_description' for CMake config files
[1.852s] Level 1:colcon.colcon_core.shell:create_environment_hook('bumperbot_description', 'cmake_prefix_path')
[1.853s] INFO:colcon.colcon_core.shell:Creating environment hook '/home/mecroka/bumperbot_ws/install/bumperbot_description/share/bumperbot_description/hook/cmake_prefix_path.ps1'
[1.854s] INFO:colcon.colcon_core.shell:Creating environment descriptor '/home/mecroka/bumperbot_ws/install/bumperbot_description/share/bumperbot_description/hook/cmake_prefix_path.dsv'
[1.855s] INFO:colcon.colcon_core.shell:Creating environment hook '/home/mecroka/bumperbot_ws/install/bumperbot_description/share/bumperbot_description/hook/cmake_prefix_path.sh'
[1.858s] Level 1:colcon.colcon_core.environment:checking '/home/mecroka/bumperbot_ws/install/bumperbot_description/bin'
[1.858s] Level 1:colcon.colcon_core.environment:checking '/home/mecroka/bumperbot_ws/install/bumperbot_description/lib/pkgconfig/bumperbot_description.pc'
[1.859s] Level 1:colcon.colcon_core.environment:checking '/home/mecroka/bumperbot_ws/install/bumperbot_description/lib/python3.12/site-packages'
[1.859s] Level 1:colcon.colcon_core.environment:checking '/home/mecroka/bumperbot_ws/install/bumperbot_description/bin'
[1.859s] INFO:colcon.colcon_core.shell:Creating package script '/home/mecroka/bumperbot_ws/install/bumperbot_description/share/bumperbot_description/package.ps1'
[1.860s] INFO:colcon.colcon_core.shell:Creating package descriptor '/home/mecroka/bumperbot_ws/install/bumperbot_description/share/bumperbot_description/package.dsv'
[1.862s] INFO:colcon.colcon_core.shell:Creating package script '/home/mecroka/bumperbot_ws/install/bumperbot_description/share/bumperbot_description/package.sh'
[1.863s] INFO:colcon.colcon_core.shell:Creating package script '/home/mecroka/bumperbot_ws/install/bumperbot_description/share/bumperbot_description/package.bash'
[1.866s] INFO:colcon.colcon_core.shell:Creating package script '/home/mecroka/bumperbot_ws/install/bumperbot_description/share/bumperbot_description/package.zsh'
[1.867s] Level 1:colcon.colcon_core.environment:create_file_with_runtime_dependencies(/home/mecroka/bumperbot_ws/install/bumperbot_description/share/colcon-core/packages/bumperbot_description)
[3.200s] DEBUG:colcon.colcon_core.event_handler.log_command:Invoking command in '/home/mecroka/bumperbot_ws/src/arduino_to_node': DEBUGINFOD_URLS=https://debuginfod.ubuntu.com PYTHONPATH=/home/mecroka/bumperbot_ws/build/arduino_to_node/prefix_override:/usr/lib/python3/dist-packages/colcon_core/task/python/colcon_distutils_commands:/home/mecroka/bumperbot_ws/install/arduino_to_node/lib/python3.12/site-packages:${PYTHONPATH} /usr/bin/python3 -W ignore:setup.py install is deprecated -W ignore:easy_install command is deprecated setup.py egg_info --egg-base ../../build/arduino_to_node build --build-base /home/mecroka/bumperbot_ws/build/arduino_to_node/build install --record /home/mecroka/bumperbot_ws/build/arduino_to_node/install.log --single-version-externally-managed install_data
[3.205s] DEBUG:colcon.colcon_core.event_handler.log_command:Invoking command in '/home/mecroka/bumperbot_ws/src/ros_arduino_conn': DEBUGINFOD_URLS=https://debuginfod.ubuntu.com PYTHONPATH=/home/mecroka/bumperbot_ws/build/ros_arduino_conn/prefix_override:/usr/lib/python3/dist-packages/colcon_core/task/python/colcon_distutils_commands:/home/mecroka/bumperbot_ws/install/ros_arduino_conn/lib/python3.12/site-packages:${PYTHONPATH} /usr/bin/python3 -W ignore:setup.py install is deprecated -W ignore:easy_install command is deprecated setup.py egg_info --egg-base ../../build/ros_arduino_conn build --build-base /home/mecroka/bumperbot_ws/build/ros_arduino_conn/build install --record /home/mecroka/bumperbot_ws/build/ros_arduino_conn/install.log --single-version-externally-managed install_data
[4.078s] Level 1:colcon.colcon_core.environment:checking '/home/mecroka/bumperbot_ws/install/ros_arduino_conn' for CMake module files
[4.079s] DEBUG:colcon.colcon_core.event_handler.log_command:Invoked command in '/home/mecroka/bumperbot_ws/src/ros_arduino_conn' returned '0': DEBUGINFOD_URLS=https://debuginfod.ubuntu.com PYTHONPATH=/home/mecroka/bumperbot_ws/build/ros_arduino_conn/prefix_override:/usr/lib/python3/dist-packages/colcon_core/task/python/colcon_distutils_commands:/home/mecroka/bumperbot_ws/install/ros_arduino_conn/lib/python3.12/site-packages:${PYTHONPATH} /usr/bin/python3 -W ignore:setup.py install is deprecated -W ignore:easy_install command is deprecated setup.py egg_info --egg-base ../../build/ros_arduino_conn build --build-base /home/mecroka/bumperbot_ws/build/ros_arduino_conn/build install --record /home/mecroka/bumperbot_ws/build/ros_arduino_conn/install.log --single-version-externally-managed install_data
[4.079s] Level 1:colcon.colcon_core.environment:checking '/home/mecroka/bumperbot_ws/install/ros_arduino_conn' for CMake config files
[4.081s] Level 1:colcon.colcon_core.environment:checking '/home/mecroka/bumperbot_ws/install/ros_arduino_conn/lib'
[4.081s] Level 1:colcon.colcon_core.environment:checking '/home/mecroka/bumperbot_ws/install/ros_arduino_conn/bin'
[4.081s] Level 1:colcon.colcon_core.environment:checking '/home/mecroka/bumperbot_ws/install/ros_arduino_conn/lib/pkgconfig/ros_arduino_conn.pc'
[4.081s] Level 1:colcon.colcon_core.environment:checking '/home/mecroka/bumperbot_ws/install/ros_arduino_conn/lib/python3.12/site-packages'
[4.081s] Level 1:colcon.colcon_core.shell:create_environment_hook('ros_arduino_conn', 'pythonpath')
[4.082s] INFO:colcon.colcon_core.shell:Creating environment hook '/home/mecroka/bumperbot_ws/install/ros_arduino_conn/share/ros_arduino_conn/hook/pythonpath.ps1'
[4.082s] INFO:colcon.colcon_core.shell:Creating environment descriptor '/home/mecroka/bumperbot_ws/install/ros_arduino_conn/share/ros_arduino_conn/hook/pythonpath.dsv'
[4.083s] INFO:colcon.colcon_core.shell:Creating environment hook '/home/mecroka/bumperbot_ws/install/ros_arduino_conn/share/ros_arduino_conn/hook/pythonpath.sh'
[4.084s] Level 1:colcon.colcon_core.environment:checking '/home/mecroka/bumperbot_ws/install/ros_arduino_conn/bin'
[4.084s] Level 1:colcon.colcon_core.environment:create_environment_scripts_only(ros_arduino_conn)
[4.085s] INFO:colcon.colcon_core.shell:Creating package script '/home/mecroka/bumperbot_ws/install/ros_arduino_conn/share/ros_arduino_conn/package.ps1'
[4.085s] INFO:colcon.colcon_core.shell:Creating package descriptor '/home/mecroka/bumperbot_ws/install/ros_arduino_conn/share/ros_arduino_conn/package.dsv'
[4.086s] INFO:colcon.colcon_core.shell:Creating package script '/home/mecroka/bumperbot_ws/install/ros_arduino_conn/share/ros_arduino_conn/package.sh'
[4.087s] INFO:colcon.colcon_core.shell:Creating package script '/home/mecroka/bumperbot_ws/install/ros_arduino_conn/share/ros_arduino_conn/package.bash'
[4.088s] INFO:colcon.colcon_core.shell:Creating package script '/home/mecroka/bumperbot_ws/install/ros_arduino_conn/share/ros_arduino_conn/package.zsh'
[4.088s] Level 1:colcon.colcon_core.environment:create_file_with_runtime_dependencies(/home/mecroka/bumperbot_ws/install/ros_arduino_conn/share/colcon-core/packages/ros_arduino_conn)
[4.091s] Level 1:colcon.colcon_core.environment:checking '/home/mecroka/bumperbot_ws/install/arduino_to_node' for CMake module files
[4.091s] DEBUG:colcon.colcon_core.event_handler.log_command:Invoked command in '/home/mecroka/bumperbot_ws/src/arduino_to_node' returned '0': DEBUGINFOD_URLS=https://debuginfod.ubuntu.com PYTHONPATH=/home/mecroka/bumperbot_ws/build/arduino_to_node/prefix_override:/usr/lib/python3/dist-packages/colcon_core/task/python/colcon_distutils_commands:/home/mecroka/bumperbot_ws/install/arduino_to_node/lib/python3.12/site-packages:${PYTHONPATH} /usr/bin/python3 -W ignore:setup.py install is deprecated -W ignore:easy_install command is deprecated setup.py egg_info --egg-base ../../build/arduino_to_node build --build-base /home/mecroka/bumperbot_ws/build/arduino_to_node/build install --record /home/mecroka/bumperbot_ws/build/arduino_to_node/install.log --single-version-externally-managed install_data
[4.092s] Level 1:colcon.colcon_core.environment:checking '/home/mecroka/bumperbot_ws/install/arduino_to_node' for CMake config files
[4.093s] Level 1:colcon.colcon_core.environment:checking '/home/mecroka/bumperbot_ws/install/arduino_to_node/lib'
[4.093s] Level 1:colcon.colcon_core.environment:checking '/home/mecroka/bumperbot_ws/install/arduino_to_node/bin'
[4.093s] Level 1:colcon.colcon_core.environment:checking '/home/mecroka/bumperbot_ws/install/arduino_to_node/lib/pkgconfig/arduino_to_node.pc'
[4.093s] Level 1:colcon.colcon_core.environment:checking '/home/mecroka/bumperbot_ws/install/arduino_to_node/lib/python3.12/site-packages'
[4.093s] Level 1:colcon.colcon_core.shell:create_environment_hook('arduino_to_node', 'pythonpath')
[4.094s] INFO:colcon.colcon_core.shell:Creating environment hook '/home/mecroka/bumperbot_ws/install/arduino_to_node/share/arduino_to_node/hook/pythonpath.ps1'
[4.094s] INFO:colcon.colcon_core.shell:Creating environment descriptor '/home/mecroka/bumperbot_ws/install/arduino_to_node/share/arduino_to_node/hook/pythonpath.dsv'
[4.114s] INFO:colcon.colcon_core.shell:Creating environment hook '/home/mecroka/bumperbot_ws/install/arduino_to_node/share/arduino_to_node/hook/pythonpath.sh'
[4.115s] Level 1:colcon.colcon_core.environment:checking '/home/mecroka/bumperbot_ws/install/arduino_to_node/bin'
[4.115s] Level 1:colcon.colcon_core.environment:create_environment_scripts_only(arduino_to_node)
[4.116s] INFO:colcon.colcon_core.shell:Creating package script '/home/mecroka/bumperbot_ws/install/arduino_to_node/share/arduino_to_node/package.ps1'
[4.117s] INFO:colcon.colcon_core.shell:Creating package descriptor '/home/mecroka/bumperbot_ws/install/arduino_to_node/share/arduino_to_node/package.dsv'
[4.117s] INFO:colcon.colcon_core.shell:Creating package script '/home/mecroka/bumperbot_ws/install/arduino_to_node/share/arduino_to_node/package.sh'
[4.118s] INFO:colcon.colcon_core.shell:Creating package script '/home/mecroka/bumperbot_ws/install/arduino_to_node/share/arduino_to_node/package.bash'
[4.119s] INFO:colcon.colcon_core.shell:Creating package script '/home/mecroka/bumperbot_ws/install/arduino_to_node/share/arduino_to_node/package.zsh'
[4.120s] Level 1:colcon.colcon_core.environment:create_file_with_runtime_dependencies(/home/mecroka/bumperbot_ws/install/arduino_to_node/share/colcon-core/packages/arduino_to_node)
[4.121s] DEBUG:colcon.colcon_parallel_executor.executor.parallel:closing loop
[4.121s] DEBUG:colcon.colcon_parallel_executor.executor.parallel:loop closed
[4.121s] DEBUG:colcon.colcon_parallel_executor.executor.parallel:run_until_complete finished with '0'
[4.121s] DEBUG:colcon.colcon_core.event_reactor:joining thread
[4.132s] INFO:colcon.colcon_core.plugin_system:Skipping extension 'colcon_notification.desktop_notification.terminal_notifier': Not used on non-Darwin systems
[4.132s] INFO:colcon.colcon_core.plugin_system:Skipping extension 'colcon_notification.desktop_notification.win32': Not used on non-Windows systems
[4.132s] INFO:colcon.colcon_notification.desktop_notification:Sending desktop notification using 'notify2'
[4.151s] DEBUG:colcon.colcon_core.event_reactor:joined thread
[4.152s] INFO:colcon.colcon_core.shell:Creating prefix script '/home/mecroka/bumperbot_ws/install/local_setup.ps1'
[4.154s] INFO:colcon.colcon_core.shell:Creating prefix util module '/home/mecroka/bumperbot_ws/install/_local_setup_util_ps1.py'
[4.157s] INFO:colcon.colcon_core.shell:Creating prefix chain script '/home/mecroka/bumperbot_ws/install/setup.ps1'
[4.159s] INFO:colcon.colcon_core.shell:Creating prefix script '/home/mecroka/bumperbot_ws/install/local_setup.sh'
[4.161s] INFO:colcon.colcon_core.shell:Creating prefix util module '/home/mecroka/bumperbot_ws/install/_local_setup_util_sh.py'
[4.162s] INFO:colcon.colcon_core.shell:Creating prefix chain script '/home/mecroka/bumperbot_ws/install/setup.sh'
[4.164s] INFO:colcon.colcon_core.shell:Creating prefix script '/home/mecroka/bumperbot_ws/install/local_setup.bash'
[4.166s] INFO:colcon.colcon_core.shell:Creating prefix chain script '/home/mecroka/bumperbot_ws/install/setup.bash'
[4.168s] INFO:colcon.colcon_core.shell:Creating prefix script '/home/mecroka/bumperbot_ws/install/local_setup.zsh'
[4.172s] INFO:colcon.colcon_core.shell:Creating prefix chain script '/home/mecroka/bumperbot_ws/install/setup.zsh'
