[1.680s] Invoking command in '/home/mecroka/bumperbot_ws/src/ros_arduino_conn': DEBUGINFOD_URLS=https://debuginfod.ubuntu.com PYTHONPATH=/home/mecroka/bumperbot_ws/build/ros_arduino_conn/prefix_override:/usr/lib/python3/dist-packages/colcon_core/task/python/colcon_distutils_commands:/home/mecroka/bumperbot_ws/install/ros_arduino_conn/lib/python3.12/site-packages:${PYTHONPATH} /usr/bin/python3 -W ignore:setup.py install is deprecated -W ignore:easy_install command is deprecated setup.py egg_info --egg-base ../../build/ros_arduino_conn build --build-base /home/mecroka/bumperbot_ws/build/ros_arduino_conn/build install --record /home/mecroka/bumperbot_ws/build/ros_arduino_conn/install.log --single-version-externally-managed install_data
[2.084s] running egg_info
[2.112s] writing ../../build/ros_arduino_conn/ros_arduino_conn.egg-info/PKG-INFO
[2.113s] writing dependency_links to ../../build/ros_arduino_conn/ros_arduino_conn.egg-info/dependency_links.txt
[2.114s] writing entry points to ../../build/ros_arduino_conn/ros_arduino_conn.egg-info/entry_points.txt
[2.115s] writing requirements to ../../build/ros_arduino_conn/ros_arduino_conn.egg-info/requires.txt
[2.115s] writing top-level names to ../../build/ros_arduino_conn/ros_arduino_conn.egg-info/top_level.txt
[2.174s] reading manifest file '../../build/ros_arduino_conn/ros_arduino_conn.egg-info/SOURCES.txt'
[2.175s] writing manifest file '../../build/ros_arduino_conn/ros_arduino_conn.egg-info/SOURCES.txt'
[2.175s] running build
[2.175s] running build_py
[2.175s] copying ros_arduino_conn/serial_to_ros2.py -> /home/mecroka/bumperbot_ws/build/ros_arduino_conn/build/lib/ros_arduino_conn
[2.176s] running install
[2.186s] running install_lib
[2.214s] copying /home/mecroka/bumperbot_ws/build/ros_arduino_conn/build/lib/ros_arduino_conn/serial_to_ros2.py -> /home/mecroka/bumperbot_ws/install/ros_arduino_conn/lib/python3.12/site-packages/ros_arduino_conn
[2.215s] byte-compiling /home/mecroka/bumperbot_ws/install/ros_arduino_conn/lib/python3.12/site-packages/ros_arduino_conn/serial_to_ros2.py to serial_to_ros2.cpython-312.pyc
[2.216s] running install_data
[2.217s] running install_egg_info
[2.248s] removing '/home/mecroka/bumperbot_ws/install/ros_arduino_conn/lib/python3.12/site-packages/ros_arduino_conn-0.0.0-py3.12.egg-info' (and everything under it)
[2.248s] Copying ../../build/ros_arduino_conn/ros_arduino_conn.egg-info to /home/mecroka/bumperbot_ws/install/ros_arduino_conn/lib/python3.12/site-packages/ros_arduino_conn-0.0.0-py3.12.egg-info
[2.251s] running install_scripts
[2.452s] Installing cmd_vel_to_serial script to /home/mecroka/bumperbot_ws/install/ros_arduino_conn/lib/ros_arduino_conn
[2.453s] Installing serial_to_ros2 script to /home/mecroka/bumperbot_ws/install/ros_arduino_conn/lib/ros_arduino_conn
[2.497s] writing list of installed files to '/home/mecroka/bumperbot_ws/build/ros_arduino_conn/install.log'
[2.600s] Invoked command in '/home/mecroka/bumperbot_ws/src/ros_arduino_conn' returned '0': DEBUGINFOD_URLS=https://debuginfod.ubuntu.com PYTHONPATH=/home/mecroka/bumperbot_ws/build/ros_arduino_conn/prefix_override:/usr/lib/python3/dist-packages/colcon_core/task/python/colcon_distutils_commands:/home/mecroka/bumperbot_ws/install/ros_arduino_conn/lib/python3.12/site-packages:${PYTHONPATH} /usr/bin/python3 -W ignore:setup.py install is deprecated -W ignore:easy_install command is deprecated setup.py egg_info --egg-base ../../build/ros_arduino_conn build --build-base /home/mecroka/bumperbot_ws/build/ros_arduino_conn/build install --record /home/mecroka/bumperbot_ws/build/ros_arduino_conn/install.log --single-version-externally-managed install_data
