[1.770s] Invoking command in '/home/mecroka/bumperbot_ws/build/ros_arduino_conn': DEBUGINFOD_URLS=https://debuginfod.ubuntu.com PYTHONPATH=/home/mecroka/bumperbot_ws/build/ros_arduino_conn/prefix_override:/usr/lib/python3/dist-packages/colcon_core/task/python/colcon_distutils_commands:/home/mecroka/bumperbot_ws/install/ros_arduino_conn/lib/python3.12/site-packages:${PYTHONPATH} /usr/bin/python3 -W ignore:setup.py install is deprecated -W ignore:easy_install command is deprecated setup.py develop --editable --build-directory /home/mecroka/bumperbot_ws/build/ros_arduino_conn/build --no-deps symlink_data --force
[2.247s] running develop
[2.541s] running egg_info
[2.569s] writing ros_arduino_conn.egg-info/PKG-INFO
[2.570s] writing dependency_links to ros_arduino_conn.egg-info/dependency_links.txt
[2.571s] writing entry points to ros_arduino_conn.egg-info/entry_points.txt
[2.572s] writing requirements to ros_arduino_conn.egg-info/requires.txt
[2.572s] writing top-level names to ros_arduino_conn.egg-info/top_level.txt
[2.631s] reading manifest file 'ros_arduino_conn.egg-info/SOURCES.txt'
[2.633s] writing manifest file 'ros_arduino_conn.egg-info/SOURCES.txt'
[2.663s] running build_ext
[2.663s] Creating /home/mecroka/bumperbot_ws/install/ros_arduino_conn/lib/python3.12/site-packages/ros-arduino-conn.egg-link (link to .)
[2.664s] Installing cmd_vel_to_serial script to /home/mecroka/bumperbot_ws/install/ros_arduino_conn/lib/ros_arduino_conn
[2.664s] Installing move_robot_node script to /home/mecroka/bumperbot_ws/install/ros_arduino_conn/lib/ros_arduino_conn
[2.664s] 
[2.664s] Installed /home/mecroka/bumperbot_ws/build/ros_arduino_conn
[2.665s] running symlink_data
[2.665s] symbolically linking /home/mecroka/bumperbot_ws/build/ros_arduino_conn/resource/ros_arduino_conn -> /home/mecroka/bumperbot_ws/install/ros_arduino_conn/share/ament_index/resource_index/packages
[2.665s] symbolically linking /home/mecroka/bumperbot_ws/build/ros_arduino_conn/package.xml -> /home/mecroka/bumperbot_ws/install/ros_arduino_conn/share/ros_arduino_conn
[2.665s] symbolically linking /home/mecroka/bumperbot_ws/build/ros_arduino_conn/launch/cmd_vel_to_serial.launch.py -> /home/mecroka/bumperbot_ws/install/ros_arduino_conn/share/ros_arduino_conn/launch
[2.762s] Invoked command in '/home/mecroka/bumperbot_ws/build/ros_arduino_conn' returned '0': DEBUGINFOD_URLS=https://debuginfod.ubuntu.com PYTHONPATH=/home/mecroka/bumperbot_ws/build/ros_arduino_conn/prefix_override:/usr/lib/python3/dist-packages/colcon_core/task/python/colcon_distutils_commands:/home/mecroka/bumperbot_ws/install/ros_arduino_conn/lib/python3.12/site-packages:${PYTHONPATH} /usr/bin/python3 -W ignore:setup.py install is deprecated -W ignore:easy_install command is deprecated setup.py develop --editable --build-directory /home/mecroka/bumperbot_ws/build/ros_arduino_conn/build --no-deps symlink_data --force
