[1.286s] Invoking command in '/home/mecroka/bumperbot_ws/build/ros_arduino_conn': DEBUGINFOD_URLS=https://debuginfod.ubuntu.com PYTHONPATH=/home/mecroka/bumperbot_ws/build/ros_arduino_conn/prefix_override:/usr/lib/python3/dist-packages/colcon_core/task/python/colcon_distutils_commands:/home/mecroka/bumperbot_ws/install/ros_arduino_conn/lib/python3.12/site-packages:${PYTHONPATH} /usr/bin/python3 -W ignore:setup.py install is deprecated -W ignore:easy_install command is deprecated setup.py develop --editable --build-directory /home/mecroka/bumperbot_ws/build/ros_arduino_conn/build --no-deps symlink_data
[1.779s] running develop
[2.080s] running egg_info
[2.110s] writing ros_arduino_conn.egg-info/PKG-INFO
[2.110s] writing dependency_links to ros_arduino_conn.egg-info/dependency_links.txt
[2.111s] writing entry points to ros_arduino_conn.egg-info/entry_points.txt
[2.112s] writing requirements to ros_arduino_conn.egg-info/requires.txt
[2.112s] writing top-level names to ros_arduino_conn.egg-info/top_level.txt
[2.171s] reading manifest file 'ros_arduino_conn.egg-info/SOURCES.txt'
[2.172s] writing manifest file 'ros_arduino_conn.egg-info/SOURCES.txt'
[2.203s] running build_ext
[2.203s] Creating /home/mecroka/bumperbot_ws/install/ros_arduino_conn/lib/python3.12/site-packages/ros-arduino-conn.egg-link (link to .)
[2.204s] Installing cmd_vel_to_serial script to /home/mecroka/bumperbot_ws/install/ros_arduino_conn/lib/ros_arduino_conn
[2.204s] Installing move_robot_node script to /home/mecroka/bumperbot_ws/install/ros_arduino_conn/lib/ros_arduino_conn
[2.205s] Installing odom_nexus_node script to /home/mecroka/bumperbot_ws/install/ros_arduino_conn/lib/ros_arduino_conn
[2.205s] Installing serial_conn_node script to /home/mecroka/bumperbot_ws/install/ros_arduino_conn/lib/ros_arduino_conn
[2.205s] Installing twist_nexus_node script to /home/mecroka/bumperbot_ws/install/ros_arduino_conn/lib/ros_arduino_conn
[2.205s] 
[2.205s] Installed /home/mecroka/bumperbot_ws/build/ros_arduino_conn
[2.205s] running symlink_data
[2.304s] Invoked command in '/home/mecroka/bumperbot_ws/build/ros_arduino_conn' returned '0': DEBUGINFOD_URLS=https://debuginfod.ubuntu.com PYTHONPATH=/home/mecroka/bumperbot_ws/build/ros_arduino_conn/prefix_override:/usr/lib/python3/dist-packages/colcon_core/task/python/colcon_distutils_commands:/home/mecroka/bumperbot_ws/install/ros_arduino_conn/lib/python3.12/site-packages:${PYTHONPATH} /usr/bin/python3 -W ignore:setup.py install is deprecated -W ignore:easy_install command is deprecated setup.py develop --editable --build-directory /home/mecroka/bumperbot_ws/build/ros_arduino_conn/build --no-deps symlink_data
