-- Found ament_cmake: 2.5.3 (/opt/ros/jazzy/share/ament_cmake/cmake)
-- Override CMake install command with custom implementation using symlinks instead of copying resources
-- Found ament_lint_auto: 0.17.1 (/opt/ros/jazzy/share/ament_lint_auto/cmake)
-- Added test 'flake8' to check Python code syntax and style conventions
-- Configured 'flake8' exclude dirs and/or files: 
-- Added test 'lint_cmake' to check CMake code style
-- Added test 'pep257' to check Python code against some of the docstring style conventions in PEP 257
-- Added test 'xmllint' to check XML markup files
-- Configuring done (6.0s)
-- Generating done (0.2s)
-- Build files have been written to: /home/mecroka/bumperbot_ws/build/bumperbot_description
-- Install configuration: ""
-- Execute custom install script
-- Symlinking: /home/mecroka/bumperbot_ws/install/bumperbot_description/share/bumperbot_description/meshes/mecanum_wheel_left.STL
-- Symlinking: /home/mecroka/bumperbot_ws/install/bumperbot_description/share/bumperbot_description/meshes/mecanum_wheel_right.STL
-- Symlinking: /home/mecroka/bumperbot_ws/install/bumperbot_description/share/bumperbot_description/meshes/nexus_base_link.STL
-- Symlinking: /home/mecroka/bumperbot_ws/install/bumperbot_description/share/bumperbot_description/meshes/nexus_base_link_collision.STL
-- Symlinking: /home/mecroka/bumperbot_ws/install/bumperbot_description/share/bumperbot_description/meshes/urm04.STL
-- Symlinking: /home/mecroka/bumperbot_ws/install/bumperbot_description/share/bumperbot_description/meshes/wheel_shaft.STL
-- Symlinking: /home/mecroka/bumperbot_ws/install/bumperbot_description/share/bumperbot_description/urdf/bumperbot.urdf.xacro
-- Symlinking: /home/mecroka/bumperbot_ws/install/bumperbot_description/share/bumperbot_description/urdf/bumperbot_gazebo.xacro
-- Symlinking: /home/mecroka/bumperbot_ws/install/bumperbot_description/share/bumperbot_description/urdf/bumperbot_ros2_control.xacro
-- Symlinking: /home/mecroka/bumperbot_ws/install/bumperbot_description/share/bumperbot_description/launch/display.launch.py
-- Symlinking: /home/mecroka/bumperbot_ws/install/bumperbot_description/share/bumperbot_description/launch/gazebo.launch.py
-- Symlinking: /home/mecroka/bumperbot_ws/install/bumperbot_description/share/bumperbot_description/rviz/display.rviz
-- Symlinking: /home/mecroka/bumperbot_ws/install/bumperbot_description/share/ament_index/resource_index/package_run_dependencies/bumperbot_description
-- Symlinking: /home/mecroka/bumperbot_ws/install/bumperbot_description/share/ament_index/resource_index/parent_prefix_path/bumperbot_description
-- Symlinking: /home/mecroka/bumperbot_ws/install/bumperbot_description/share/bumperbot_description/environment/ament_prefix_path.sh
-- Symlinking: /home/mecroka/bumperbot_ws/install/bumperbot_description/share/bumperbot_description/environment/ament_prefix_path.dsv
-- Symlinking: /home/mecroka/bumperbot_ws/install/bumperbot_description/share/bumperbot_description/environment/path.sh
-- Symlinking: /home/mecroka/bumperbot_ws/install/bumperbot_description/share/bumperbot_description/environment/path.dsv
-- Symlinking: /home/mecroka/bumperbot_ws/install/bumperbot_description/share/bumperbot_description/local_setup.bash
-- Symlinking: /home/mecroka/bumperbot_ws/install/bumperbot_description/share/bumperbot_description/local_setup.sh
-- Symlinking: /home/mecroka/bumperbot_ws/install/bumperbot_description/share/bumperbot_description/local_setup.zsh
-- Symlinking: /home/mecroka/bumperbot_ws/install/bumperbot_description/share/bumperbot_description/local_setup.dsv
-- Symlinking: /home/mecroka/bumperbot_ws/install/bumperbot_description/share/bumperbot_description/package.dsv
-- Symlinking: /home/mecroka/bumperbot_ws/install/bumperbot_description/share/ament_index/resource_index/packages/bumperbot_description
-- Symlinking: /home/mecroka/bumperbot_ws/install/bumperbot_description/share/bumperbot_description/cmake/bumperbot_descriptionConfig.cmake
-- Symlinking: /home/mecroka/bumperbot_ws/install/bumperbot_description/share/bumperbot_description/cmake/bumperbot_descriptionConfig-version.cmake
-- Symlinking: /home/mecroka/bumperbot_ws/install/bumperbot_description/share/bumperbot_description/package.xml
